#
# There is insufficient memory for the Java Runtime Environment to continue.
# Native memory allocation (mmap) failed to map 601882624 bytes. Error detail: G1 virtual space
# Possible reasons:
#   The system is out of physical RAM or swap space
#   This process is running with CompressedOops enabled, and the Java Heap may be blocking the growth of the native heap
# Possible solutions:
#   Reduce memory load on the system
#   Increase physical memory or swap space
#   Check if swap backing store is full
#   Decrease Java heap size (-Xmx/-Xms)
#   Decrease number of Java threads
#   Decrease Java thread stack sizes (-Xss)
#   Set larger code cache with -XX:ReservedCodeCacheSize=
#   JVM is running with Zero Based Compressed Oops mode in which the Java heap is
#     placed in the first 32GB address space. The Java Heap base address is the
#     maximum limit for the native heap growth. Please use -XX:HeapBaseMinAddress
#     to set the Java Heap base and to place the Java Heap above 32GB virtual address.
# This output file may be truncated or incomplete.
#
#  Out of Memory Error (os_windows.cpp:3618), pid=11376, tid=18940
#
# JRE version: OpenJDK Runtime Environment Temurin-17.0.19+10 (17.0.19+10) (build 17.0.19+10)
# Java VM: OpenJDK 64-Bit Server VM Temurin-17.0.19+10 (17.0.19+10, mixed mode, sharing, tiered, compressed oops, compressed class ptrs, g1 gc, windows-amd64)
# No core dump will be written. Minidumps are not enabled by default on client versions of Windows
#

---------------  S U M M A R Y ------------

Command Line: --enable-native-access=ALL-UNNAMED -Dclassworlds.conf=C:\Program Files\Maven\apache-maven-3.9.14\bin\m2.conf -Dmaven.home=C:\Program Files\Maven\apache-maven-3.9.14 -Dlibrary.jansi.path=C:\Program Files\Maven\apache-maven-3.9.14\lib\jansi-native -Dmaven.multiModuleProjectDirectory=C:\Users\NOONE\CascadeProjects\urbanops\backend org.codehaus.plexus.classworlds.launcher.Launcher clean verify sonar:sonar -Dsonar.host.url=https://sonarcloud.io -Dsonar.organization=amine20030 -Dsonar.projectKey=Amine20030_urbanser -Dsonar.token=2b8ee8328d00d19747696de3a6b47a663ca68336

Host: 11th Gen Intel(R) Core(TM) i7-11800H @ 2.30GHz, 16 cores, 15G,  Windows 11 , 64 bit Build 26100 (10.0.26100.8328)
Time: Tue May 19 03:21:47 2026 Morocco Daylight Time elapsed time: 40.228111 seconds (0d 0h 0m 40s)

---------------  T H R E A D  ---------------

Current thread (0x00000258be442c50):  VMThread "VM Thread" [stack: 0x00000059a5400000,0x00000059a5500000] [id=18940]

Stack: [0x00000059a5400000,0x00000059a5500000]
Native frames: (J=compiled Java code, j=interpreted, Vv=VM code, C=native code)
V  [jvm.dll+0x684b29]
V  [jvm.dll+0x83a2d5]
V  [jvm.dll+0x83bd4e]
V  [jvm.dll+0x83c3d3]
V  [jvm.dll+0x24905f]
V  [jvm.dll+0x6818e9]
V  [jvm.dll+0x6766ea]
V  [jvm.dll+0x3093b7]
V  [jvm.dll+0x3109a6]
V  [jvm.dll+0x360f1e]
V  [jvm.dll+0x36115d]
V  [jvm.dll+0x2e043c]
V  [jvm.dll+0x2de812]
V  [jvm.dll+0x2ddfac]
V  [jvm.dll+0x320c6b]
V  [jvm.dll+0x840bed]
V  [jvm.dll+0x841923]
V  [jvm.dll+0x841e4f]
V  [jvm.dll+0x842235]
V  [jvm.dll+0x8422fe]
V  [jvm.dll+0x7eaf1c]
V  [jvm.dll+0x6839f7]
C  [ucrtbase.dll+0x37b0]
C  [KERNEL32.DLL+0x2e957]
C  [ntdll.dll+0x427c]

VM_Operation (0x00000059a4efbda0): G1CollectForAllocation, mode: safepoint, requested by thread 0x000002589b6ff5b0


---------------  P R O C E S S  ---------------

Threads class SMR info:
_java_thread_list=0x000002590a49e830, length=34, elements={
0x000002589b6ff5b0, 0x00000258be446090, 0x00000258be446b60, 0x00000258be45f930,
0x00000258be460200, 0x00000258be460ad0, 0x00000258be4613a0, 0x00000258be463fb0,
0x00000258be468990, 0x00000258be474bc0, 0x00000258bf2534b0, 0x00000258bf253ed0,
0x00000258bf252580, 0x00000259057a1440, 0x00000258bf2690d0, 0x00000258bf252070,
0x0000025905959fc0, 0x000002590595d260, 0x000002590595c330, 0x000002590595c840,
0x000002590595cd50, 0x0000025905959ab0, 0x000002590595a4d0, 0x000002590595e190,
0x000002590595d770, 0x000002590595dc80, 0x000002590595a9e0, 0x000002590595be20,
0x000002590595b400, 0x000002590a84b040, 0x000002590d5c5890, 0x0000025908733c60,
0x00000259087341b0, 0x00000259087351a0
}

Java Threads: ( => current thread )
  0x000002589b6ff5b0 JavaThread "main" [_thread_blocked, id=28648, stack(0x00000059a4e00000,0x00000059a4f00000)]
  0x00000258be446090 JavaThread "Reference Handler" daemon [_thread_blocked, id=13552, stack(0x00000059a5500000,0x00000059a5600000)]
  0x00000258be446b60 JavaThread "Finalizer" daemon [_thread_blocked, id=31524, stack(0x00000059a5600000,0x00000059a5700000)]
  0x00000258be45f930 JavaThread "Signal Dispatcher" daemon [_thread_blocked, id=31224, stack(0x00000059a5700000,0x00000059a5800000)]
  0x00000258be460200 JavaThread "Attach Listener" daemon [_thread_blocked, id=7920, stack(0x00000059a5800000,0x00000059a5900000)]
  0x00000258be460ad0 JavaThread "Service Thread" daemon [_thread_blocked, id=13304, stack(0x00000059a5900000,0x00000059a5a00000)]
  0x00000258be4613a0 JavaThread "Monitor Deflation Thread" daemon [_thread_blocked, id=30368, stack(0x00000059a5a00000,0x00000059a5b00000)]
  0x00000258be463fb0 JavaThread "C2 CompilerThread0" daemon [_thread_blocked, id=27120, stack(0x00000059a5b00000,0x00000059a5c00000)]
  0x00000258be468990 JavaThread "C1 CompilerThread0" daemon [_thread_blocked, id=33140, stack(0x00000059a5c00000,0x00000059a5d00000)]
  0x00000258be474bc0 JavaThread "Sweeper thread" daemon [_thread_blocked, id=29948, stack(0x00000059a5d00000,0x00000059a5e00000)]
  0x00000258bf2534b0 JavaThread "Notification Thread" daemon [_thread_blocked, id=33004, stack(0x00000059a5f00000,0x00000059a6000000)]
  0x00000258bf253ed0 JavaThread "Common-Cleaner" daemon [_thread_blocked, id=33960, stack(0x00000059a6100000,0x00000059a6200000)]
  0x00000258bf252580 JavaThread "Thread-1" daemon [_thread_blocked, id=11064, stack(0x00000059a7200000,0x00000059a7300000)]
  0x00000259057a1440 JavaThread "C1 CompilerThread1" daemon [_thread_blocked, id=16836, stack(0x00000059a6200000,0x00000059a6300000)]
  0x00000258bf2690d0 JavaThread "C1 CompilerThread2" daemon [_thread_blocked, id=27440, stack(0x00000059a6500000,0x00000059a6600000)]
  0x00000258bf252070 JavaThread "OkHttp sonarcloud.io" [_thread_in_native, id=29564, stack(0x00000059a6600000,0x00000059a6700000)]
  0x0000025905959fc0 JavaThread "OkHttp ConnectionPool" daemon [_thread_blocked, id=30268, stack(0x00000059a6700000,0x00000059a6800000)]
  0x000002590595d260 JavaThread "Okio Watchdog" daemon [_thread_blocked, id=3780, stack(0x00000059a7800000,0x00000059a7900000)]
  0x000002590595c330 JavaThread "OkHttp sonarcloud.io Writer" [_thread_blocked, id=19196, stack(0x00000059a6300000,0x00000059a6400000)]
  0x000002590595c840 JavaThread "OkHttp Http2Connection" daemon [_thread_blocked, id=32004, stack(0x00000059a7900000,0x00000059a7a00000)]
  0x000002590595cd50 JavaThread "OkHttp sonarcloud.io" daemon [_thread_in_native, id=27916, stack(0x00000059a7e00000,0x00000059a7f00000)]
  0x0000025905959ab0 JavaThread "OkHttp TaskRunner" daemon [_thread_blocked, id=32752, stack(0x00000059a7f00000,0x00000059a8000000)]
  0x000002590595a4d0 JavaThread "OkHttp api.sonarcloud.io" daemon [_thread_in_native, id=25072, stack(0x00000059a8000000,0x00000059a8100000)]
  0x000002590595e190 JavaThread "Okio Watchdog" daemon [_thread_blocked, id=26196, stack(0x00000059a8100000,0x00000059a8200000)]
  0x000002590595d770 JavaThread "OkHttp TaskRunner" daemon [_thread_blocked, id=16868, stack(0x00000059a5e00000,0x00000059a5f00000)]
  0x000002590595dc80 JavaThread "OkHttp TaskRunner" daemon [_thread_blocked, id=29104, stack(0x00000059a8200000,0x00000059a8300000)]
  0x000002590595a9e0 JavaThread "OkHttp TaskRunner" daemon [_thread_blocked, id=5152, stack(0x00000059a8300000,0x00000059a8400000)]
  0x000002590595be20 JavaThread "JGit-WorkQueue" daemon [_thread_blocked, id=2580, stack(0x00000059a8800000,0x00000059a8900000)]
  0x000002590595b400 JavaThread "Cleaner-0" daemon [_thread_blocked, id=356, stack(0x00000059a8700000,0x00000059a8800000)]
  0x000002590a84b040 JavaThread "C1 CompilerThread3" daemon [_thread_blocked, id=29128, stack(0x00000059a4d00000,0x00000059a4e00000)]
  0x000002590d5c5890 JavaThread "C2 CompilerThread1" daemon [_thread_blocked, id=4956, stack(0x00000059a6400000,0x00000059a6500000)]
  0x0000025908733c60 JavaThread "C2 CompilerThread2" daemon [_thread_blocked, id=12240, stack(0x00000059a8400000,0x00000059a8500000)]
  0x00000259087341b0 JavaThread "C2 CompilerThread3" daemon [_thread_blocked, id=30904, stack(0x00000059a8500000,0x00000059a8600000)]
  0x00000259087351a0 JavaThread "C2 CompilerThread4" daemon [_thread_blocked, id=19272, stack(0x00000059a8600000,0x00000059a8700000)]

Other Threads:
=>0x00000258be442c50 VMThread "VM Thread" [stack: 0x00000059a5400000,0x00000059a5500000] [id=18940]
  0x00000258bf254bf0 WatcherThread [stack: 0x00000059a6000000,0x00000059a6100000] [id=27784]
  0x000002589b76d9a0 GCTaskThread "GC Thread#0" [stack: 0x00000059a4f00000,0x00000059a5000000] [id=27780]
  0x00000258bf26db30 GCTaskThread "GC Thread#1" [stack: 0x00000059a6800000,0x00000059a6900000] [id=28484]
  0x00000258bf26ddf0 GCTaskThread "GC Thread#2" [stack: 0x00000059a6900000,0x00000059a6a00000] [id=29752]
  0x00000258bf26d870 GCTaskThread "GC Thread#3" [stack: 0x00000059a6a00000,0x00000059a6b00000] [id=33744]
  0x00000258bf26e0b0 GCTaskThread "GC Thread#4" [stack: 0x00000059a6b00000,0x00000059a6c00000] [id=25652]
  0x00000258bf26cab0 GCTaskThread "GC Thread#5" [stack: 0x00000059a6c00000,0x00000059a6d00000] [id=10404]
  0x00000258bf26e370 GCTaskThread "GC Thread#6" [stack: 0x00000059a6d00000,0x00000059a6e00000] [id=23184]
  0x00000258bf26cd70 GCTaskThread "GC Thread#7" [stack: 0x00000059a7000000,0x00000059a7100000] [id=30900]
  0x00000258bf26d030 GCTaskThread "GC Thread#8" [stack: 0x00000059a7100000,0x00000059a7200000] [id=31112]
  0x0000025905ba9bf0 GCTaskThread "GC Thread#9" [stack: 0x00000059a7300000,0x00000059a7400000] [id=26672]
  0x0000025905bab4b0 GCTaskThread "GC Thread#10" [stack: 0x00000059a7400000,0x00000059a7500000] [id=28820]
  0x0000025905bac270 GCTaskThread "GC Thread#11" [stack: 0x00000059a7500000,0x00000059a7600000] [id=23932]
  0x0000025905ba90f0 GCTaskThread "GC Thread#12" [stack: 0x00000059a7600000,0x00000059a7700000] [id=15700]
  0x000002589b77f090 ConcurrentGCThread "G1 Main Marker" [stack: 0x00000059a5000000,0x00000059a5100000] [id=14068]
  0x000002589b780160 ConcurrentGCThread "G1 Conc#0" [stack: 0x00000059a5100000,0x00000059a5200000] [id=30280]
  0x0000025905ba8b70 ConcurrentGCThread "G1 Conc#1" [stack: 0x00000059a6e00000,0x00000059a6f00000] [id=28888]
  0x0000025905ba9930 ConcurrentGCThread "G1 Conc#2" [stack: 0x00000059a6f00000,0x00000059a7000000] [id=26956]
  0x000002589b7adf80 ConcurrentGCThread "G1 Refine#0" [stack: 0x00000059a5200000,0x00000059a5300000] [id=15184]
  0x00000258bf7870b0 ConcurrentGCThread "G1 Refine#1" [stack: 0x00000059a8900000,0x00000059a8a00000] [id=10820]
  0x000002589b7ae760 ConcurrentGCThread "G1 Service" [stack: 0x00000059a5300000,0x00000059a5400000] [id=28396]

Threads with active compile tasks:
C2 CompilerThread0  40250 25611       4       com.google.B.B.C.G::A (59 bytes)
C2 CompilerThread1  40250 25633       4       com.google.B.B.C.M::A (133 bytes)
C2 CompilerThread2  40250 25608   !   4       com.google.B.P::A (264 bytes)
C2 CompilerThread3  40250 25604       4       com.google.B.B.C.F$_B::B (10 bytes)
C2 CompilerThread4  40250 25588       4       com.google.B.B.C.E::A (9 bytes)

VM state: at safepoint (normal execution)

VM Mutex/Monitor currently owned by a thread:  ([mutex/lock_event])
[0x0000025899351870] Threads_lock - owner thread: 0x00000258be442c50
[0x000002589b6fbd90] Heap_lock - owner thread: 0x000002589b6ff5b0

Heap address: 0x0000000704400000, size: 4028 MB, Compressed Oops mode: Zero based, Oop shift amount: 3

CDS archive(s) mapped at: [0x00000258c0000000-0x00000258c0bb0000-0x00000258c0bb0000), size 12255232, SharedBaseAddress: 0x00000258c0000000, ArchiveRelocationMode: 1.
Compressed class space mapped at: 0x00000258c1000000-0x0000025901000000, reserved size: 1073741824
Narrow klass base: 0x00000258c0000000, Narrow klass shift: 0, Narrow klass range: 0x100000000

GC Precious Log:
 CPUs: 16 total, 16 available
 Memory: 16110M
 Large Page Support: Disabled
 NUMA Support: Disabled
 Compressed Oops: Enabled (Zero based)
 Heap Region Size: 2M
 Heap Min Capacity: 8M
 Heap Initial Capacity: 252M
 Heap Max Capacity: 4028M
 Pre-touch: Disabled
 Parallel Workers: 13
 Concurrent Workers: 3
 Concurrent Refinement Workers: 13
 Periodic GC: Disabled

Heap:
 garbage-first heap   total 540672K, used 217235K [0x0000000704400000, 0x0000000800000000)
  region size 2048K, 11 young (22528K), 11 survivors (22528K)
 Metaspace       used 131449K, committed 132544K, reserved 1179648K
  class space    used 14883K, committed 15424K, reserved 1048576K

Heap Regions: E=young(eden), S=young(survivor), O=old, HS=humongous(starts), HC=humongous(continues), CS=collection set, F=free, OA=open archive, CA=closed archive, TAMS=top-at-mark-start (previous, next)
|   0|0x0000000704400000, 0x0000000704600000, 0x0000000704600000|100%| O|  |TAMS 0x0000000704600000, 0x0000000704400000| Untracked 
|   1|0x0000000704600000, 0x0000000704800000, 0x0000000704800000|100%| O|  |TAMS 0x0000000704800000, 0x0000000704600000| Untracked 
|   2|0x0000000704800000, 0x0000000704a00000, 0x0000000704a00000|100%| O|  |TAMS 0x0000000704a00000, 0x0000000704800000| Untracked 
|   3|0x0000000704a00000, 0x0000000704c00000, 0x0000000704c00000|100%| O|  |TAMS 0x0000000704c00000, 0x0000000704a00000| Untracked 
|   4|0x0000000704c00000, 0x0000000704e00000, 0x0000000704e00000|100%| O|  |TAMS 0x0000000704e00000, 0x0000000704c00000| Untracked 
|   5|0x0000000704e00000, 0x0000000705000000, 0x0000000705000000|100%| O|  |TAMS 0x0000000705000000, 0x0000000704e00000| Untracked 
|   6|0x0000000705000000, 0x0000000705200000, 0x0000000705200000|100%| O|  |TAMS 0x0000000705200000, 0x0000000705000000| Untracked 
|   7|0x0000000705200000, 0x0000000705400000, 0x0000000705400000|100%| O|  |TAMS 0x0000000705400000, 0x0000000705200000| Untracked 
|   8|0x0000000705400000, 0x0000000705600000, 0x0000000705600000|100%| O|  |TAMS 0x0000000705600000, 0x0000000705400000| Untracked 
|   9|0x0000000705600000, 0x0000000705800000, 0x0000000705800000|100%| O|  |TAMS 0x0000000705800000, 0x0000000705600000| Untracked 
|  10|0x0000000705800000, 0x0000000705a00000, 0x0000000705a00000|100%| O|  |TAMS 0x0000000705a00000, 0x0000000705800000| Untracked 
|  11|0x0000000705a00000, 0x0000000705c00000, 0x0000000705c00000|100%| O|  |TAMS 0x0000000705c00000, 0x0000000705a00000| Untracked 
|  12|0x0000000705c00000, 0x0000000705e00000, 0x0000000705e00000|100%| O|  |TAMS 0x0000000705e00000, 0x0000000705c00000| Untracked 
|  13|0x0000000705e00000, 0x0000000706000000, 0x0000000706000000|100%| O|  |TAMS 0x0000000706000000, 0x0000000705e00000| Untracked 
|  14|0x0000000706000000, 0x0000000706200000, 0x0000000706200000|100%| O|  |TAMS 0x0000000706000000, 0x0000000706000000| Untracked 
|  15|0x0000000706200000, 0x0000000706400000, 0x0000000706400000|100%| O|  |TAMS 0x0000000706400000, 0x0000000706200000| Untracked 
|  16|0x0000000706400000, 0x0000000706600000, 0x0000000706600000|100%| O|  |TAMS 0x0000000706600000, 0x0000000706400000| Untracked 
|  17|0x0000000706600000, 0x0000000706800000, 0x0000000706800000|100%| O|  |TAMS 0x0000000706800000, 0x0000000706600000| Untracked 
|  18|0x0000000706800000, 0x0000000706a00000, 0x0000000706a00000|100%|HS|  |TAMS 0x0000000706a00000, 0x0000000706800000| Complete 
|  19|0x0000000706a00000, 0x0000000706c00000, 0x0000000706c00000|100%|HC|  |TAMS 0x0000000706c00000, 0x0000000706a00000| Complete 
|  20|0x0000000706c00000, 0x0000000706e00000, 0x0000000706e00000|100%| O|  |TAMS 0x0000000706e00000, 0x0000000706c00000| Untracked 
|  21|0x0000000706e00000, 0x0000000707000000, 0x0000000707000000|100%| O|  |TAMS 0x0000000707000000, 0x0000000706e00000| Untracked 
|  22|0x0000000707000000, 0x0000000707200000, 0x0000000707200000|100%| O|  |TAMS 0x0000000707200000, 0x0000000707000000| Untracked 
|  23|0x0000000707200000, 0x0000000707400000, 0x0000000707400000|100%| O|  |TAMS 0x0000000707400000, 0x0000000707200000| Untracked 
|  24|0x0000000707400000, 0x0000000707600000, 0x0000000707600000|100%| O|  |TAMS 0x0000000707600000, 0x0000000707400000| Untracked 
|  25|0x0000000707600000, 0x0000000707800000, 0x0000000707800000|100%| O|  |TAMS 0x0000000707800000, 0x0000000707600000| Untracked 
|  26|0x0000000707800000, 0x0000000707a00000, 0x0000000707a00000|100%| O|  |TAMS 0x0000000707a00000, 0x0000000707800000| Untracked 
|  27|0x0000000707a00000, 0x0000000707c00000, 0x0000000707c00000|100%| O|  |TAMS 0x0000000707c00000, 0x0000000707a00000| Untracked 
|  28|0x0000000707c00000, 0x0000000707e00000, 0x0000000707e00000|100%| O|  |TAMS 0x0000000707e00000, 0x0000000707c00000| Untracked 
|  29|0x0000000707e00000, 0x0000000708000000, 0x0000000708000000|100%| O|  |TAMS 0x0000000708000000, 0x0000000707e00000| Untracked 
|  30|0x0000000708000000, 0x0000000708200000, 0x0000000708200000|100%| O|  |TAMS 0x0000000708200000, 0x0000000708000000| Untracked 
|  31|0x0000000708200000, 0x0000000708400000, 0x0000000708400000|100%| O|  |TAMS 0x0000000708400000, 0x0000000708200000| Untracked 
|  32|0x0000000708400000, 0x0000000708600000, 0x0000000708600000|100%| O|  |TAMS 0x0000000708600000, 0x0000000708400000| Untracked 
|  33|0x0000000708600000, 0x0000000708800000, 0x0000000708800000|100%| O|  |TAMS 0x0000000708800000, 0x0000000708600000| Untracked 
|  34|0x0000000708800000, 0x0000000708a00000, 0x0000000708a00000|100%|HS|  |TAMS 0x0000000708a00000, 0x0000000708800000| Complete 
|  35|0x0000000708a00000, 0x0000000708c00000, 0x0000000708c00000|100%| O|  |TAMS 0x0000000708c00000, 0x0000000708a00000| Untracked 
|  36|0x0000000708c00000, 0x0000000708e00000, 0x0000000708e00000|100%| O|  |TAMS 0x0000000708e00000, 0x0000000708c00000| Untracked 
|  37|0x0000000708e00000, 0x0000000709000000, 0x0000000709000000|100%| O|  |TAMS 0x0000000709000000, 0x0000000708e00000| Untracked 
|  38|0x0000000709000000, 0x0000000709200000, 0x0000000709200000|100%| O|  |TAMS 0x0000000709200000, 0x0000000709000000| Untracked 
|  39|0x0000000709200000, 0x0000000709400000, 0x0000000709400000|100%| O|  |TAMS 0x0000000709400000, 0x0000000709200000| Untracked 
|  40|0x0000000709400000, 0x0000000709600000, 0x0000000709600000|100%| O|  |TAMS 0x0000000709600000, 0x0000000709400000| Untracked 
|  41|0x0000000709600000, 0x0000000709800000, 0x0000000709800000|100%| O|  |TAMS 0x0000000709800000, 0x0000000709600000| Untracked 
|  42|0x0000000709800000, 0x0000000709a00000, 0x0000000709a00000|100%| O|  |TAMS 0x0000000709800000, 0x0000000709800000| Untracked 
|  43|0x0000000709a00000, 0x0000000709c00000, 0x0000000709c00000|100%| O|  |TAMS 0x0000000709c00000, 0x0000000709a00000| Untracked 
|  44|0x0000000709c00000, 0x0000000709e00000, 0x0000000709e00000|100%| O|  |TAMS 0x0000000709e00000, 0x0000000709c00000| Untracked 
|  45|0x0000000709e00000, 0x000000070a000000, 0x000000070a000000|100%| O|  |TAMS 0x000000070a000000, 0x0000000709e00000| Untracked 
|  46|0x000000070a000000, 0x000000070a200000, 0x000000070a200000|100%| O|  |TAMS 0x000000070a200000, 0x000000070a000000| Untracked 
|  47|0x000000070a200000, 0x000000070a400000, 0x000000070a400000|100%| O|  |TAMS 0x000000070a400000, 0x000000070a200000| Untracked 
|  48|0x000000070a400000, 0x000000070a600000, 0x000000070a600000|100%| O|  |TAMS 0x000000070a600000, 0x000000070a400000| Untracked 
|  49|0x000000070a600000, 0x000000070a800000, 0x000000070a800000|100%| O|  |TAMS 0x000000070a800000, 0x000000070a600000| Untracked 
|  50|0x000000070a800000, 0x000000070aa00000, 0x000000070aa00000|100%| O|  |TAMS 0x000000070aa00000, 0x000000070a800000| Untracked 
|  51|0x000000070aa00000, 0x000000070ac00000, 0x000000070ac00000|100%| O|  |TAMS 0x000000070ac00000, 0x000000070aa00000| Untracked 
|  52|0x000000070ac00000, 0x000000070ae00000, 0x000000070ae00000|100%| O|  |TAMS 0x000000070ae00000, 0x000000070ac00000| Untracked 
|  53|0x000000070ae00000, 0x000000070b000000, 0x000000070b000000|100%| O|  |TAMS 0x000000070b000000, 0x000000070ae00000| Untracked 
|  54|0x000000070b000000, 0x000000070b200000, 0x000000070b200000|100%| O|  |TAMS 0x000000070b200000, 0x000000070b000000| Untracked 
|  55|0x000000070b200000, 0x000000070b400000, 0x000000070b400000|100%| O|  |TAMS 0x000000070b400000, 0x000000070b200000| Untracked 
|  56|0x000000070b400000, 0x000000070b600000, 0x000000070b600000|100%| O|  |TAMS 0x000000070b600000, 0x000000070b400000| Untracked 
|  57|0x000000070b600000, 0x000000070b800000, 0x000000070b800000|100%| O|  |TAMS 0x000000070b800000, 0x000000070b600000| Untracked 
|  58|0x000000070b800000, 0x000000070ba00000, 0x000000070ba00000|100%| O|  |TAMS 0x000000070b800000, 0x000000070b800000| Untracked 
|  59|0x000000070ba00000, 0x000000070bc00000, 0x000000070bc00000|100%| O|  |TAMS 0x000000070bc00000, 0x000000070ba00000| Untracked 
|  60|0x000000070bc00000, 0x000000070be00000, 0x000000070be00000|100%| O|  |TAMS 0x000000070be00000, 0x000000070bc00000| Untracked 
|  61|0x000000070be00000, 0x000000070c000000, 0x000000070c000000|100%| O|  |TAMS 0x000000070c000000, 0x000000070be00000| Untracked 
|  62|0x000000070c000000, 0x000000070c200000, 0x000000070c200000|100%| O|  |TAMS 0x000000070c200000, 0x000000070c000000| Untracked 
|  63|0x000000070c200000, 0x000000070c400000, 0x000000070c400000|100%| O|  |TAMS 0x000000070c400000, 0x000000070c200000| Untracked 
|  64|0x000000070c400000, 0x000000070c600000, 0x000000070c600000|100%| O|  |TAMS 0x000000070c600000, 0x000000070c400000| Untracked 
|  65|0x000000070c600000, 0x000000070c800000, 0x000000070c800000|100%| O|  |TAMS 0x000000070c800000, 0x000000070c600000| Untracked 
|  66|0x000000070c800000, 0x000000070ca00000, 0x000000070ca00000|100%| O|  |TAMS 0x000000070c91f800, 0x000000070c800000| Untracked 
|  67|0x000000070ca00000, 0x000000070cc00000, 0x000000070cc00000|100%| O|  |TAMS 0x000000070ca00000, 0x000000070ca00000| Untracked 
|  68|0x000000070cc00000, 0x000000070ce00000, 0x000000070ce00000|100%| O|  |TAMS 0x000000070cc00000, 0x000000070cc00000| Untracked 
|  69|0x000000070ce00000, 0x000000070d000000, 0x000000070d000000|100%| O|  |TAMS 0x000000070ce00000, 0x000000070ce00000| Untracked 
|  70|0x000000070d000000, 0x000000070d200000, 0x000000070d200000|100%| O|  |TAMS 0x000000070d000000, 0x000000070d000000| Untracked 
|  71|0x000000070d200000, 0x000000070d400000, 0x000000070d400000|100%| O|  |TAMS 0x000000070d200000, 0x000000070d200000| Untracked 
|  72|0x000000070d400000, 0x000000070d600000, 0x000000070d600000|100%| O|  |TAMS 0x000000070d400000, 0x000000070d400000| Untracked 
|  73|0x000000070d600000, 0x000000070d800000, 0x000000070d800000|100%| O|  |TAMS 0x000000070d600000, 0x000000070d600000| Untracked 
|  74|0x000000070d800000, 0x000000070da00000, 0x000000070da00000|100%| O|  |TAMS 0x000000070d800000, 0x000000070d800000| Untracked 
|  75|0x000000070da00000, 0x000000070dc00000, 0x000000070dc00000|100%| O|  |TAMS 0x000000070da00000, 0x000000070da00000| Untracked 
|  76|0x000000070dc00000, 0x000000070de00000, 0x000000070de00000|100%| O|  |TAMS 0x000000070dc00000, 0x000000070dc00000| Untracked 
|  77|0x000000070de00000, 0x000000070e000000, 0x000000070e000000|100%| O|  |TAMS 0x000000070de00000, 0x000000070de00000| Untracked 
|  78|0x000000070e000000, 0x000000070e024c00, 0x000000070e200000|  7%| O|  |TAMS 0x000000070e000000, 0x000000070e000000| Untracked 
|  79|0x000000070e200000, 0x000000070e200000, 0x000000070e400000|  0%| F|  |TAMS 0x000000070e200000, 0x000000070e200000| Untracked 
|  80|0x000000070e400000, 0x000000070e400000, 0x000000070e600000|  0%| F|  |TAMS 0x000000070e400000, 0x000000070e400000| Untracked 
|  81|0x000000070e600000, 0x000000070e600000, 0x000000070e800000|  0%| F|  |TAMS 0x000000070e600000, 0x000000070e600000| Untracked 
|  82|0x000000070e800000, 0x000000070e800000, 0x000000070ea00000|  0%| F|  |TAMS 0x000000070e800000, 0x000000070e800000| Untracked 
|  83|0x000000070ea00000, 0x000000070ea00000, 0x000000070ec00000|  0%| F|  |TAMS 0x000000070ea00000, 0x000000070ea00000| Untracked 
|  84|0x000000070ec00000, 0x000000070ec00000, 0x000000070ee00000|  0%| F|  |TAMS 0x000000070ec00000, 0x000000070ec00000| Untracked 
|  85|0x000000070ee00000, 0x000000070ee00000, 0x000000070f000000|  0%| F|  |TAMS 0x000000070ee00000, 0x000000070ee00000| Untracked 
|  86|0x000000070f000000, 0x000000070f000000, 0x000000070f200000|  0%| F|  |TAMS 0x000000070f000000, 0x000000070f000000| Untracked 
|  87|0x000000070f200000, 0x000000070f200000, 0x000000070f400000|  0%| F|  |TAMS 0x000000070f200000, 0x000000070f200000| Untracked 
|  88|0x000000070f400000, 0x000000070f400000, 0x000000070f600000|  0%| F|  |TAMS 0x000000070f400000, 0x000000070f400000| Untracked 
|  89|0x000000070f600000, 0x000000070f600000, 0x000000070f800000|  0%| F|  |TAMS 0x000000070f600000, 0x000000070f600000| Untracked 
|  90|0x000000070f800000, 0x000000070f800000, 0x000000070fa00000|  0%| F|  |TAMS 0x000000070f800000, 0x000000070f800000| Untracked 
|  91|0x000000070fa00000, 0x000000070fa00000, 0x000000070fc00000|  0%| F|  |TAMS 0x000000070fa00000, 0x000000070fa00000| Untracked 
|  92|0x000000070fc00000, 0x000000070fc00000, 0x000000070fe00000|  0%| F|  |TAMS 0x000000070fc00000, 0x000000070fc00000| Untracked 
|  93|0x000000070fe00000, 0x0000000710000000, 0x0000000710000000|100%|HS|  |TAMS 0x000000070fe00000, 0x000000070fe00000| Complete 
|  94|0x0000000710000000, 0x0000000710200000, 0x0000000710200000|100%|HC|  |TAMS 0x0000000710000000, 0x0000000710000000| Complete 
|  95|0x0000000710200000, 0x0000000710400000, 0x0000000710400000|100%|HC|  |TAMS 0x0000000710200000, 0x0000000710200000| Complete 
|  96|0x0000000710400000, 0x0000000710600000, 0x0000000710600000|100%|HC|  |TAMS 0x0000000710400000, 0x0000000710400000| Complete 
|  97|0x0000000710600000, 0x0000000710800000, 0x0000000710800000|100%|HC|  |TAMS 0x0000000710600000, 0x0000000710600000| Complete 
|  98|0x0000000710800000, 0x0000000710a00000, 0x0000000710a00000|100%|HC|  |TAMS 0x0000000710800000, 0x0000000710800000| Complete 
|  99|0x0000000710a00000, 0x0000000710c00000, 0x0000000710c00000|100%|HC|  |TAMS 0x0000000710a00000, 0x0000000710a00000| Complete 
| 100|0x0000000710c00000, 0x0000000710e00000, 0x0000000710e00000|100%|HC|  |TAMS 0x0000000710c00000, 0x0000000710c00000| Complete 
| 101|0x0000000710e00000, 0x0000000711000000, 0x0000000711000000|100%|HC|  |TAMS 0x0000000710e00000, 0x0000000710e00000| Complete 
| 102|0x0000000711000000, 0x0000000711200000, 0x0000000711200000|100%| O|  |TAMS 0x0000000711000000, 0x0000000711000000| Untracked 
| 103|0x0000000711200000, 0x0000000711400000, 0x0000000711400000|100%| O|  |TAMS 0x0000000711200000, 0x0000000711200000| Untracked 
| 104|0x0000000711400000, 0x0000000711400000, 0x0000000711600000|  0%| F|  |TAMS 0x0000000711400000, 0x0000000711400000| Untracked 
| 105|0x0000000711600000, 0x0000000711600000, 0x0000000711800000|  0%| F|  |TAMS 0x0000000711600000, 0x0000000711600000| Untracked 
| 106|0x0000000711800000, 0x0000000711a00000, 0x0000000711a00000|100%| O|  |TAMS 0x0000000711800000, 0x0000000711800000| Untracked 
| 107|0x0000000711a00000, 0x0000000711c00000, 0x0000000711c00000|100%| O|  |TAMS 0x0000000711a00000, 0x0000000711a00000| Untracked 
| 108|0x0000000711c00000, 0x0000000711e00000, 0x0000000711e00000|100%| O|  |TAMS 0x0000000711c00000, 0x0000000711c00000| Untracked 
| 109|0x0000000711e00000, 0x0000000712000000, 0x0000000712000000|100%| O|  |TAMS 0x0000000711e00000, 0x0000000711e00000| Untracked 
| 110|0x0000000712000000, 0x0000000712200000, 0x0000000712200000|100%| O|  |TAMS 0x0000000712000000, 0x0000000712000000| Untracked 
| 111|0x0000000712200000, 0x0000000712400000, 0x0000000712400000|100%| O|  |TAMS 0x0000000712200000, 0x0000000712200000| Untracked 
| 112|0x0000000712400000, 0x0000000712400000, 0x0000000712600000|  0%| F|  |TAMS 0x0000000712400000, 0x0000000712400000| Untracked 
| 113|0x0000000712600000, 0x0000000712600000, 0x0000000712800000|  0%| F|  |TAMS 0x0000000712600000, 0x0000000712600000| Untracked 
| 114|0x0000000712800000, 0x0000000712800000, 0x0000000712a00000|  0%| F|  |TAMS 0x0000000712800000, 0x0000000712800000| Untracked 
| 115|0x0000000712a00000, 0x0000000712a00000, 0x0000000712c00000|  0%| F|  |TAMS 0x0000000712a00000, 0x0000000712a00000| Untracked 
| 116|0x0000000712c00000, 0x0000000712c00000, 0x0000000712e00000|  0%| F|  |TAMS 0x0000000712c00000, 0x0000000712c00000| Untracked 
| 117|0x0000000712e00000, 0x0000000712e00000, 0x0000000713000000|  0%| F|  |TAMS 0x0000000712e00000, 0x0000000712e00000| Untracked 
| 118|0x0000000713000000, 0x0000000713000000, 0x0000000713200000|  0%| F|  |TAMS 0x0000000713000000, 0x0000000713000000| Untracked 
| 119|0x0000000713200000, 0x0000000713200000, 0x0000000713400000|  0%| F|  |TAMS 0x0000000713200000, 0x0000000713200000| Untracked 
| 120|0x0000000713400000, 0x0000000713600000, 0x0000000713600000|100%| S|CS|TAMS 0x0000000713400000, 0x0000000713400000| Complete 
| 121|0x0000000713600000, 0x0000000713800000, 0x0000000713800000|100%| S|CS|TAMS 0x0000000713600000, 0x0000000713600000| Complete 
| 122|0x0000000713800000, 0x0000000713a00000, 0x0000000713a00000|100%| S|CS|TAMS 0x0000000713800000, 0x0000000713800000| Complete 
| 123|0x0000000713a00000, 0x0000000713c00000, 0x0000000713c00000|100%| S|CS|TAMS 0x0000000713a00000, 0x0000000713a00000| Complete 
| 124|0x0000000713c00000, 0x0000000713e00000, 0x0000000713e00000|100%| S|CS|TAMS 0x0000000713c00000, 0x0000000713c00000| Complete 
| 125|0x0000000713e00000, 0x0000000713e00000, 0x0000000714000000|  0%| F|  |TAMS 0x0000000713e00000, 0x0000000713e00000| Untracked 
| 126|0x0000000714000000, 0x0000000714000000, 0x0000000714200000|  0%| F|  |TAMS 0x0000000714000000, 0x0000000714000000| Untracked 
| 127|0x0000000714200000, 0x0000000714200000, 0x0000000714400000|  0%| F|  |TAMS 0x0000000714200000, 0x0000000714200000| Untracked 
| 128|0x0000000714400000, 0x0000000714400000, 0x0000000714600000|  0%| F|  |TAMS 0x0000000714400000, 0x0000000714400000| Untracked 
| 129|0x0000000714600000, 0x0000000714600000, 0x0000000714800000|  0%| F|  |TAMS 0x0000000714600000, 0x0000000714600000| Untracked 
| 130|0x0000000714800000, 0x0000000714800000, 0x0000000714a00000|  0%| F|  |TAMS 0x0000000714800000, 0x0000000714800000| Untracked 
| 131|0x0000000714a00000, 0x0000000714a00000, 0x0000000714c00000|  0%| F|  |TAMS 0x0000000714a00000, 0x0000000714a00000| Untracked 
| 132|0x0000000714c00000, 0x0000000714e00000, 0x0000000714e00000|100%| S|CS|TAMS 0x0000000714c00000, 0x0000000714c00000| Complete 
| 133|0x0000000714e00000, 0x0000000715000000, 0x0000000715000000|100%| S|CS|TAMS 0x0000000714e00000, 0x0000000714e00000| Complete 
| 134|0x0000000715000000, 0x0000000715200000, 0x0000000715200000|100%| S|CS|TAMS 0x0000000715000000, 0x0000000715000000| Complete 
| 135|0x0000000715200000, 0x0000000715400000, 0x0000000715400000|100%| S|CS|TAMS 0x0000000715200000, 0x0000000715200000| Complete 
| 136|0x0000000715400000, 0x0000000715600000, 0x0000000715600000|100%| S|CS|TAMS 0x0000000715400000, 0x0000000715400000| Complete 
| 137|0x0000000715600000, 0x0000000715800000, 0x0000000715800000|100%| S|CS|TAMS 0x0000000715600000, 0x0000000715600000| Complete 
| 138|0x0000000715800000, 0x0000000715800000, 0x0000000715a00000|  0%| F|  |TAMS 0x0000000715800000, 0x0000000715800000| Untracked 
| 139|0x0000000715a00000, 0x0000000715a00000, 0x0000000715c00000|  0%| F|  |TAMS 0x0000000715a00000, 0x0000000715a00000| Untracked 
| 140|0x0000000715c00000, 0x0000000715c00000, 0x0000000715e00000|  0%| F|  |TAMS 0x0000000715c00000, 0x0000000715c00000| Untracked 
| 141|0x0000000715e00000, 0x0000000715e00000, 0x0000000716000000|  0%| F|  |TAMS 0x0000000715e00000, 0x0000000715e00000| Untracked 
| 142|0x0000000716000000, 0x0000000716000000, 0x0000000716200000|  0%| F|  |TAMS 0x0000000716000000, 0x0000000716000000| Untracked 
| 143|0x0000000716200000, 0x0000000716200000, 0x0000000716400000|  0%| F|  |TAMS 0x0000000716200000, 0x0000000716200000| Untracked 
| 144|0x0000000716400000, 0x0000000716400000, 0x0000000716600000|  0%| F|  |TAMS 0x0000000716400000, 0x0000000716400000| Untracked 
| 145|0x0000000716600000, 0x0000000716600000, 0x0000000716800000|  0%| F|  |TAMS 0x0000000716600000, 0x0000000716600000| Untracked 
| 146|0x0000000716800000, 0x0000000716800000, 0x0000000716a00000|  0%| F|  |TAMS 0x0000000716800000, 0x0000000716800000| Untracked 
| 147|0x0000000716a00000, 0x0000000716a00000, 0x0000000716c00000|  0%| F|  |TAMS 0x0000000716a00000, 0x0000000716a00000| Untracked 
| 148|0x0000000716c00000, 0x0000000716c00000, 0x0000000716e00000|  0%| F|  |TAMS 0x0000000716c00000, 0x0000000716c00000| Untracked 
| 149|0x0000000716e00000, 0x0000000716e00000, 0x0000000717000000|  0%| F|  |TAMS 0x0000000716e00000, 0x0000000716e00000| Untracked 
| 150|0x0000000717000000, 0x0000000717000000, 0x0000000717200000|  0%| F|  |TAMS 0x0000000717000000, 0x0000000717000000| Untracked 
| 151|0x0000000717200000, 0x0000000717200000, 0x0000000717400000|  0%| F|  |TAMS 0x0000000717200000, 0x0000000717200000| Untracked 
| 152|0x0000000717400000, 0x0000000717400000, 0x0000000717600000|  0%| F|  |TAMS 0x0000000717400000, 0x0000000717400000| Untracked 
| 153|0x0000000717600000, 0x0000000717600000, 0x0000000717800000|  0%| F|  |TAMS 0x0000000717600000, 0x0000000717600000| Untracked 
| 154|0x0000000717800000, 0x0000000717800000, 0x0000000717a00000|  0%| F|  |TAMS 0x0000000717800000, 0x0000000717800000| Untracked 
| 155|0x0000000717a00000, 0x0000000717a00000, 0x0000000717c00000|  0%| F|  |TAMS 0x0000000717a00000, 0x0000000717a00000| Untracked 
| 156|0x0000000717c00000, 0x0000000717c00000, 0x0000000717e00000|  0%| F|  |TAMS 0x0000000717c00000, 0x0000000717c00000| Untracked 
| 157|0x0000000717e00000, 0x0000000717e00000, 0x0000000718000000|  0%| F|  |TAMS 0x0000000717e00000, 0x0000000717e00000| Untracked 
| 158|0x0000000718000000, 0x0000000718000000, 0x0000000718200000|  0%| F|  |TAMS 0x0000000718000000, 0x0000000718000000| Untracked 
| 159|0x0000000718200000, 0x0000000718200000, 0x0000000718400000|  0%| F|  |TAMS 0x0000000718200000, 0x0000000718200000| Untracked 
| 160|0x0000000718400000, 0x0000000718400000, 0x0000000718600000|  0%| F|  |TAMS 0x0000000718400000, 0x0000000718400000| Untracked 
| 161|0x0000000718600000, 0x0000000718600000, 0x0000000718800000|  0%| F|  |TAMS 0x0000000718600000, 0x0000000718600000| Untracked 
| 162|0x0000000718800000, 0x0000000718800000, 0x0000000718a00000|  0%| F|  |TAMS 0x0000000718800000, 0x0000000718800000| Untracked 
| 163|0x0000000718a00000, 0x0000000718a00000, 0x0000000718c00000|  0%| F|  |TAMS 0x0000000718a00000, 0x0000000718a00000| Untracked 
| 164|0x0000000718c00000, 0x0000000718c00000, 0x0000000718e00000|  0%| F|  |TAMS 0x0000000718c00000, 0x0000000718c00000| Untracked 
| 165|0x0000000718e00000, 0x0000000718e00000, 0x0000000719000000|  0%| F|  |TAMS 0x0000000718e00000, 0x0000000718e00000| Untracked 
| 166|0x0000000719000000, 0x0000000719000000, 0x0000000719200000|  0%| F|  |TAMS 0x0000000719000000, 0x0000000719000000| Untracked 
| 167|0x0000000719200000, 0x0000000719200000, 0x0000000719400000|  0%| F|  |TAMS 0x0000000719200000, 0x0000000719200000| Untracked 
| 168|0x0000000719400000, 0x0000000719400000, 0x0000000719600000|  0%| F|  |TAMS 0x0000000719400000, 0x0000000719400000| Untracked 
| 169|0x0000000719600000, 0x0000000719600000, 0x0000000719800000|  0%| F|  |TAMS 0x0000000719600000, 0x0000000719600000| Untracked 
| 170|0x0000000719800000, 0x0000000719800000, 0x0000000719a00000|  0%| F|  |TAMS 0x0000000719800000, 0x0000000719800000| Untracked 
| 171|0x0000000719a00000, 0x0000000719a00000, 0x0000000719c00000|  0%| F|  |TAMS 0x0000000719a00000, 0x0000000719a00000| Untracked 
| 172|0x0000000719c00000, 0x0000000719c00000, 0x0000000719e00000|  0%| F|  |TAMS 0x0000000719c00000, 0x0000000719c00000| Untracked 
| 173|0x0000000719e00000, 0x0000000719e00000, 0x000000071a000000|  0%| F|  |TAMS 0x0000000719e00000, 0x0000000719e00000| Untracked 
| 174|0x000000071a000000, 0x000000071a000000, 0x000000071a200000|  0%| F|  |TAMS 0x000000071a000000, 0x000000071a000000| Untracked 
| 175|0x000000071a200000, 0x000000071a200000, 0x000000071a400000|  0%| F|  |TAMS 0x000000071a200000, 0x000000071a200000| Untracked 
| 176|0x000000071a400000, 0x000000071a400000, 0x000000071a600000|  0%| F|  |TAMS 0x000000071a400000, 0x000000071a400000| Untracked 
| 177|0x000000071a600000, 0x000000071a600000, 0x000000071a800000|  0%| F|  |TAMS 0x000000071a600000, 0x000000071a600000| Untracked 
| 178|0x000000071a800000, 0x000000071a800000, 0x000000071aa00000|  0%| F|  |TAMS 0x000000071a800000, 0x000000071a800000| Untracked 
| 179|0x000000071aa00000, 0x000000071aa00000, 0x000000071ac00000|  0%| F|  |TAMS 0x000000071aa00000, 0x000000071aa00000| Untracked 
| 180|0x000000071ac00000, 0x000000071ac00000, 0x000000071ae00000|  0%| F|  |TAMS 0x000000071ac00000, 0x000000071ac00000| Untracked 
| 181|0x000000071ae00000, 0x000000071ae00000, 0x000000071b000000|  0%| F|  |TAMS 0x000000071ae00000, 0x000000071ae00000| Untracked 
| 182|0x000000071b000000, 0x000000071b000000, 0x000000071b200000|  0%| F|  |TAMS 0x000000071b000000, 0x000000071b000000| Untracked 
| 183|0x000000071b200000, 0x000000071b200000, 0x000000071b400000|  0%| F|  |TAMS 0x000000071b200000, 0x000000071b200000| Untracked 
| 184|0x000000071b400000, 0x000000071b400000, 0x000000071b600000|  0%| F|  |TAMS 0x000000071b400000, 0x000000071b400000| Untracked 
| 185|0x000000071b600000, 0x000000071b600000, 0x000000071b800000|  0%| F|  |TAMS 0x000000071b600000, 0x000000071b600000| Untracked 
| 186|0x000000071b800000, 0x000000071b800000, 0x000000071ba00000|  0%| F|  |TAMS 0x000000071b800000, 0x000000071b800000| Untracked 
| 187|0x000000071ba00000, 0x000000071ba00000, 0x000000071bc00000|  0%| F|  |TAMS 0x000000071ba00000, 0x000000071ba00000| Untracked 
| 188|0x000000071bc00000, 0x000000071bc00000, 0x000000071be00000|  0%| F|  |TAMS 0x000000071bc00000, 0x000000071bc00000| Untracked 
| 189|0x000000071be00000, 0x000000071be00000, 0x000000071c000000|  0%| F|  |TAMS 0x000000071be00000, 0x000000071be00000| Untracked 
| 190|0x000000071c000000, 0x000000071c000000, 0x000000071c200000|  0%| F|  |TAMS 0x000000071c000000, 0x000000071c000000| Untracked 
| 191|0x000000071c200000, 0x000000071c200000, 0x000000071c400000|  0%| F|  |TAMS 0x000000071c200000, 0x000000071c200000| Untracked 
| 192|0x000000071c400000, 0x000000071c400000, 0x000000071c600000|  0%| F|  |TAMS 0x000000071c400000, 0x000000071c400000| Untracked 
| 193|0x000000071c600000, 0x000000071c600000, 0x000000071c800000|  0%| F|  |TAMS 0x000000071c600000, 0x000000071c600000| Untracked 
| 194|0x000000071c800000, 0x000000071c800000, 0x000000071ca00000|  0%| F|  |TAMS 0x000000071c800000, 0x000000071c800000| Untracked 
| 195|0x000000071ca00000, 0x000000071ca00000, 0x000000071cc00000|  0%| F|  |TAMS 0x000000071ca00000, 0x000000071ca00000| Untracked 
| 196|0x000000071cc00000, 0x000000071cc00000, 0x000000071ce00000|  0%| F|  |TAMS 0x000000071cc00000, 0x000000071cc00000| Untracked 
| 197|0x000000071ce00000, 0x000000071ce00000, 0x000000071d000000|  0%| F|  |TAMS 0x000000071ce00000, 0x000000071ce00000| Untracked 
| 198|0x000000071d000000, 0x000000071d000000, 0x000000071d200000|  0%| F|  |TAMS 0x000000071d000000, 0x000000071d000000| Untracked 
| 199|0x000000071d200000, 0x000000071d200000, 0x000000071d400000|  0%| F|  |TAMS 0x000000071d200000, 0x000000071d200000| Untracked 
| 200|0x000000071d400000, 0x000000071d400000, 0x000000071d600000|  0%| F|  |TAMS 0x000000071d400000, 0x000000071d400000| Untracked 
| 201|0x000000071d600000, 0x000000071d600000, 0x000000071d800000|  0%| F|  |TAMS 0x000000071d600000, 0x000000071d600000| Untracked 
| 202|0x000000071d800000, 0x000000071d800000, 0x000000071da00000|  0%| F|  |TAMS 0x000000071d800000, 0x000000071d800000| Untracked 
| 203|0x000000071da00000, 0x000000071da00000, 0x000000071dc00000|  0%| F|  |TAMS 0x000000071da00000, 0x000000071da00000| Untracked 
| 204|0x000000071dc00000, 0x000000071dc00000, 0x000000071de00000|  0%| F|  |TAMS 0x000000071dc00000, 0x000000071dc00000| Untracked 
| 205|0x000000071de00000, 0x000000071de00000, 0x000000071e000000|  0%| F|  |TAMS 0x000000071de00000, 0x000000071de00000| Untracked 
| 206|0x000000071e000000, 0x000000071e000000, 0x000000071e200000|  0%| F|  |TAMS 0x000000071e000000, 0x000000071e000000| Untracked 
| 207|0x000000071e200000, 0x000000071e200000, 0x000000071e400000|  0%| F|  |TAMS 0x000000071e200000, 0x000000071e200000| Untracked 
| 208|0x000000071e400000, 0x000000071e400000, 0x000000071e600000|  0%| F|  |TAMS 0x000000071e400000, 0x000000071e400000| Untracked 
| 209|0x000000071e600000, 0x000000071e600000, 0x000000071e800000|  0%| F|  |TAMS 0x000000071e600000, 0x000000071e600000| Untracked 
| 210|0x000000071e800000, 0x000000071e800000, 0x000000071ea00000|  0%| F|  |TAMS 0x000000071e800000, 0x000000071e800000| Untracked 
| 211|0x000000071ea00000, 0x000000071ea00000, 0x000000071ec00000|  0%| F|  |TAMS 0x000000071ea00000, 0x000000071ea00000| Untracked 
| 212|0x000000071ec00000, 0x000000071ec00000, 0x000000071ee00000|  0%| F|  |TAMS 0x000000071ec00000, 0x000000071ec00000| Untracked 
| 213|0x000000071ee00000, 0x000000071ee00000, 0x000000071f000000|  0%| F|  |TAMS 0x000000071ee00000, 0x000000071ee00000| Untracked 
| 214|0x000000071f000000, 0x000000071f000000, 0x000000071f200000|  0%| F|  |TAMS 0x000000071f000000, 0x000000071f000000| Untracked 
| 215|0x000000071f200000, 0x000000071f200000, 0x000000071f400000|  0%| F|  |TAMS 0x000000071f200000, 0x000000071f200000| Untracked 
| 216|0x000000071f400000, 0x000000071f400000, 0x000000071f600000|  0%| F|  |TAMS 0x000000071f400000, 0x000000071f400000| Untracked 
| 217|0x000000071f600000, 0x000000071f600000, 0x000000071f800000|  0%| F|  |TAMS 0x000000071f600000, 0x000000071f600000| Untracked 
| 218|0x000000071f800000, 0x000000071f800000, 0x000000071fa00000|  0%| F|  |TAMS 0x000000071f800000, 0x000000071f800000| Untracked 
| 219|0x000000071fa00000, 0x000000071fa00000, 0x000000071fc00000|  0%| F|  |TAMS 0x000000071fa00000, 0x000000071fa00000| Untracked 
| 220|0x000000071fc00000, 0x000000071fc00000, 0x000000071fe00000|  0%| F|  |TAMS 0x000000071fc00000, 0x000000071fc00000| Untracked 
| 221|0x000000071fe00000, 0x000000071fe00000, 0x0000000720000000|  0%| F|  |TAMS 0x000000071fe00000, 0x000000071fe00000| Untracked 
| 222|0x0000000720000000, 0x0000000720000000, 0x0000000720200000|  0%| F|  |TAMS 0x0000000720000000, 0x0000000720000000| Untracked 
| 223|0x0000000720200000, 0x0000000720200000, 0x0000000720400000|  0%| F|  |TAMS 0x0000000720200000, 0x0000000720200000| Untracked 
| 224|0x0000000720400000, 0x0000000720400000, 0x0000000720600000|  0%| F|  |TAMS 0x0000000720400000, 0x0000000720400000| Untracked 
| 225|0x0000000720600000, 0x0000000720600000, 0x0000000720800000|  0%| F|  |TAMS 0x0000000720600000, 0x0000000720600000| Untracked 
| 226|0x0000000720800000, 0x0000000720800000, 0x0000000720a00000|  0%| F|  |TAMS 0x0000000720800000, 0x0000000720800000| Untracked 
| 227|0x0000000720a00000, 0x0000000720a00000, 0x0000000720c00000|  0%| F|  |TAMS 0x0000000720a00000, 0x0000000720a00000| Untracked 
| 228|0x0000000720c00000, 0x0000000720c00000, 0x0000000720e00000|  0%| F|  |TAMS 0x0000000720c00000, 0x0000000720c00000| Untracked 
| 229|0x0000000720e00000, 0x0000000720e00000, 0x0000000721000000|  0%| F|  |TAMS 0x0000000720e00000, 0x0000000720e00000| Untracked 
| 230|0x0000000721000000, 0x0000000721000000, 0x0000000721200000|  0%| F|  |TAMS 0x0000000721000000, 0x0000000721000000| Untracked 
| 231|0x0000000721200000, 0x0000000721200000, 0x0000000721400000|  0%| F|  |TAMS 0x0000000721200000, 0x0000000721200000| Untracked 
| 232|0x0000000721400000, 0x0000000721400000, 0x0000000721600000|  0%| F|  |TAMS 0x0000000721400000, 0x0000000721400000| Untracked 
| 233|0x0000000721600000, 0x0000000721600000, 0x0000000721800000|  0%| F|  |TAMS 0x0000000721600000, 0x0000000721600000| Untracked 
| 234|0x0000000721800000, 0x0000000721800000, 0x0000000721a00000|  0%| F|  |TAMS 0x0000000721800000, 0x0000000721800000| Untracked 
| 235|0x0000000721a00000, 0x0000000721a00000, 0x0000000721c00000|  0%| F|  |TAMS 0x0000000721a00000, 0x0000000721a00000| Untracked 
| 236|0x0000000721c00000, 0x0000000721c00000, 0x0000000721e00000|  0%| F|  |TAMS 0x0000000721c00000, 0x0000000721c00000| Untracked 
| 237|0x0000000721e00000, 0x0000000721e00000, 0x0000000722000000|  0%| F|  |TAMS 0x0000000721e00000, 0x0000000721e00000| Untracked 
| 238|0x0000000722000000, 0x0000000722000000, 0x0000000722200000|  0%| F|  |TAMS 0x0000000722000000, 0x0000000722000000| Untracked 
| 239|0x0000000722200000, 0x0000000722200000, 0x0000000722400000|  0%| F|  |TAMS 0x0000000722200000, 0x0000000722200000| Untracked 
| 240|0x0000000722400000, 0x0000000722400000, 0x0000000722600000|  0%| F|  |TAMS 0x0000000722400000, 0x0000000722400000| Untracked 
| 241|0x0000000722600000, 0x0000000722600000, 0x0000000722800000|  0%| F|  |TAMS 0x0000000722600000, 0x0000000722600000| Untracked 
| 242|0x0000000722800000, 0x0000000722800000, 0x0000000722a00000|  0%| F|  |TAMS 0x0000000722800000, 0x0000000722800000| Untracked 
| 243|0x0000000722a00000, 0x0000000722a00000, 0x0000000722c00000|  0%| F|  |TAMS 0x0000000722a00000, 0x0000000722a00000| Untracked 
| 244|0x0000000722c00000, 0x0000000722c00000, 0x0000000722e00000|  0%| F|  |TAMS 0x0000000722c00000, 0x0000000722c00000| Untracked 
| 245|0x0000000722e00000, 0x0000000722e00000, 0x0000000723000000|  0%| F|  |TAMS 0x0000000722e00000, 0x0000000722e00000| Untracked 
| 246|0x0000000723000000, 0x0000000723000000, 0x0000000723200000|  0%| F|  |TAMS 0x0000000723000000, 0x0000000723000000| Untracked 
| 247|0x0000000723200000, 0x0000000723200000, 0x0000000723400000|  0%| F|  |TAMS 0x0000000723200000, 0x0000000723200000| Untracked 
| 248|0x0000000723400000, 0x0000000723400000, 0x0000000723600000|  0%| F|  |TAMS 0x0000000723400000, 0x0000000723400000| Untracked 
| 249|0x0000000723600000, 0x0000000723600000, 0x0000000723800000|  0%| F|  |TAMS 0x0000000723600000, 0x0000000723600000| Untracked 
| 250|0x0000000723800000, 0x0000000723800000, 0x0000000723a00000|  0%| F|  |TAMS 0x0000000723800000, 0x0000000723800000| Untracked 
| 251|0x0000000723a00000, 0x0000000723a00000, 0x0000000723c00000|  0%| F|  |TAMS 0x0000000723a00000, 0x0000000723a00000| Untracked 
| 252|0x0000000723c00000, 0x0000000723c00000, 0x0000000723e00000|  0%| F|  |TAMS 0x0000000723c00000, 0x0000000723c00000| Untracked 
| 253|0x0000000723e00000, 0x0000000723e00000, 0x0000000724000000|  0%| F|  |TAMS 0x0000000723e00000, 0x0000000723e00000| Untracked 
| 254|0x0000000724000000, 0x0000000724000000, 0x0000000724200000|  0%| F|  |TAMS 0x0000000724000000, 0x0000000724000000| Untracked 
| 255|0x0000000724200000, 0x0000000724200000, 0x0000000724400000|  0%| F|  |TAMS 0x0000000724200000, 0x0000000724200000| Untracked 
| 256|0x0000000724400000, 0x0000000724400000, 0x0000000724600000|  0%| F|  |TAMS 0x0000000724400000, 0x0000000724400000| Untracked 
| 257|0x0000000724600000, 0x0000000724600000, 0x0000000724800000|  0%| F|  |TAMS 0x0000000724600000, 0x0000000724600000| Untracked 
| 258|0x0000000724800000, 0x0000000724800000, 0x0000000724a00000|  0%| F|  |TAMS 0x0000000724800000, 0x0000000724800000| Untracked 
| 259|0x0000000724a00000, 0x0000000724a00000, 0x0000000724c00000|  0%| F|  |TAMS 0x0000000724a00000, 0x0000000724a00000| Untracked 
| 260|0x0000000724c00000, 0x0000000724c00000, 0x0000000724e00000|  0%| F|  |TAMS 0x0000000724c00000, 0x0000000724c00000| Untracked 
| 261|0x0000000724e00000, 0x0000000724e00000, 0x0000000725000000|  0%| F|  |TAMS 0x0000000724e00000, 0x0000000724e00000| Untracked 
| 262|0x0000000725000000, 0x0000000725000000, 0x0000000725200000|  0%| F|  |TAMS 0x0000000725000000, 0x0000000725000000| Untracked 
| 263|0x0000000725200000, 0x0000000725200000, 0x0000000725400000|  0%| F|  |TAMS 0x0000000725200000, 0x0000000725200000| Untracked 

Card table byte_map: [0x00000258b32e0000,0x00000258b3ac0000] _byte_map_base: 0x00000258afabe000

Marking Bits (Prev, Next): (CMBitMap*) 0x000002589b76df10, (CMBitMap*) 0x000002589b76ded0
 Prev Bits: [0x00000258b8190000, 0x00000258bc080000)
 Next Bits: [0x00000258b42a0000, 0x00000258b8190000)

Polling page: 0x0000025899640000

Metaspace:

Usage:
  Non-class:    113.83 MB used.
      Class:     14.53 MB used.
       Both:    128.37 MB used.

Virtual space:
  Non-class space:      128.00 MB reserved,     114.38 MB ( 89%) committed,  2 nodes.
      Class space:        1.00 GB reserved,      15.06 MB (  1%) committed,  1 nodes.
             Both:        1.12 GB reserved,     129.44 MB ( 11%) committed. 

Chunk freelists:
   Non-Class:  12.88 MB
       Class:  1000.00 KB
        Both:  13.86 MB

MaxMetaspaceSize: unlimited
CompressedClassSpaceSize: 1.00 GB
Initial GC threshold: 21.00 MB
Current GC threshold: 214.31 MB
CDS: on
MetaspaceReclaimPolicy: balanced
 - commit_granule_bytes: 65536.
 - commit_granule_words: 8192.
 - virtual_space_node_default_size: 8388608.
 - enlarge_chunks_in_place: 1.
 - new_chunks_are_fully_committed: 0.
 - uncommit_free_chunks: 1.
 - use_allocation_guard: 0.
 - handle_deallocations: 1.


Internal statistics:

num_allocs_failed_limit: 14.
num_arena_births: 1006.
num_arena_deaths: 0.
num_vsnodes_births: 3.
num_vsnodes_deaths: 0.
num_space_committed: 2071.
num_space_uncommitted: 0.
num_chunks_returned_to_freelist: 14.
num_chunks_taken_from_freelist: 5886.
num_chunk_merges: 11.
num_chunk_splits: 4365.
num_chunks_enlarged: 3489.
num_inconsistent_stats: 0.

CodeHeap 'non-profiled nmethods': size=119168Kb used=15716Kb max_used=15716Kb free=103451Kb
 bounds [0x00000258aae20000, 0x00000258abd80000, 0x00000258b2280000]
CodeHeap 'profiled nmethods': size=119104Kb used=51400Kb max_used=51421Kb free=67703Kb
 bounds [0x00000258a3280000, 0x00000258a64c0000, 0x00000258aa6d0000]
CodeHeap 'non-nmethods': size=7488Kb used=3111Kb max_used=3202Kb free=4376Kb
 bounds [0x00000258aa6d0000, 0x00000258aaa10000, 0x00000258aae20000]
 total_blobs=22074 nmethods=21323 adapters=657
 compilation: enabled
              stopped_count=0, restarted_count=0
 full_count=0

Compilation events (20 events):
Event: 39.080 Thread 0x00000259087341b0 nmethod 25641 0x00000258abd72e90 code [0x00000258abd73040, 0x00000258abd73608]
Event: 39.080 Thread 0x00000259087341b0 25642       4       com.sonar.security.config.spec.Passthrough::<init> (15 bytes)
Event: 39.084 Thread 0x00000259087341b0 nmethod 25642 0x00000258abd73810 code [0x00000258abd739a0, 0x00000258abd73f88]
Event: 39.084 Thread 0x00000259087341b0 25652       4       java.util.RegularEnumSet::complement (40 bytes)
Event: 39.084 Thread 0x00000259087341b0 nmethod 25652 0x00000258abd74190 code [0x00000258abd74320, 0x00000258abd743d8]
Event: 39.084 Thread 0x00000259087341b0 25643       4       com.sonar.security.config.spec.Passthrough::<init> (13 bytes)
Event: 39.088 Thread 0x00000259087341b0 nmethod 25643 0x00000258abd74490 code [0x00000258abd74640, 0x00000258abd74bc8]
Event: 39.088 Thread 0x00000259087341b0 25644   !   4       jdk.internal.reflect.GeneratedConstructorAccessor65::newInstance (49 bytes)
Event: 39.092 Thread 0x00000259087341b0 nmethod 25644 0x00000258abd74e10 code [0x00000258abd74fe0, 0x00000258abd75718]
Event: 39.092 Thread 0x00000259087341b0 25637       4       com.google.B.B.C.K::C (42 bytes)
Event: 39.094 Thread 0x00000259087341b0 nmethod 25637 0x00000258abd75a90 code [0x00000258abd75c40, 0x00000258abd75e88]
Event: 39.094 Thread 0x00000259087341b0 25621       4       com.google.B.B.C.K::<init> (44 bytes)
Event: 39.108 Thread 0x00000259087341b0 nmethod 25621 0x00000258abd76110 code [0x00000258abd762e0, 0x00000258abd77358]
Event: 39.109 Thread 0x00000259087341b0 25654       4       java.util.RegularEnumSet::removeAll (71 bytes)
Event: 39.109 Thread 0x00000259087341b0 nmethod 25654 0x00000258abd77690 code [0x00000258abd77820, 0x00000258abd77918]
Event: 39.109 Thread 0x00000259087341b0 25655       4       com.sonar.security.config.C.B$$Lambda$3366/0x00000258c1efd7d0::accept (16 bytes)
Event: 39.117 Thread 0x00000259087341b0 nmethod 25655 0x00000258abd77a10 code [0x00000258abd77c00, 0x00000258abd787a8]
Event: 39.118 Thread 0x00000259087341b0 25656       4       com.sonar.security.config.C.B$$Lambda$3367/0x00000258c1efda00::apply (8 bytes)
Event: 39.118 Thread 0x00000259087341b0 nmethod 25656 0x00000258abd78e90 code [0x00000258abd79020, 0x00000258abd79118]
Event: 39.118 Thread 0x00000259087341b0 25604       4       com.google.B.B.C.F$_B::B (10 bytes)

GC Heap History (20 events):
Event: 28.208 GC heap after
{Heap after GC invocations=31 (full 0):
 garbage-first heap   total 270336K, used 119608K [0x0000000704400000, 0x0000000800000000)
  region size 2048K, 1 young (2048K), 1 survivors (2048K)
 Metaspace       used 104296K, committed 105280K, reserved 1179648K
  class space    used 11801K, committed 12288K, reserved 1048576K
}
Event: 28.930 GC heap before
{Heap before GC invocations=31 (full 0):
 garbage-first heap   total 270336K, used 205624K [0x0000000704400000, 0x0000000800000000)
  region size 2048K, 43 young (88064K), 1 survivors (2048K)
 Metaspace       used 107038K, committed 107968K, reserved 1179648K
  class space    used 12075K, committed 12480K, reserved 1048576K
}
Event: 28.936 GC heap after
{Heap after GC invocations=32 (full 0):
 garbage-first heap   total 540672K, used 125891K [0x0000000704400000, 0x0000000800000000)
  region size 2048K, 4 young (8192K), 4 survivors (8192K)
 Metaspace       used 107038K, committed 107968K, reserved 1179648K
  class space    used 12075K, committed 12480K, reserved 1048576K
}
Event: 30.759 GC heap before
{Heap before GC invocations=33 (full 0):
 garbage-first heap   total 444416K, used 379843K [0x0000000704400000, 0x0000000800000000)
  region size 2048K, 129 young (264192K), 4 survivors (8192K)
 Metaspace       used 109130K, committed 110016K, reserved 1179648K
  class space    used 12274K, committed 12672K, reserved 1048576K
}
Event: 30.767 GC heap after
{Heap after GC invocations=34 (full 0):
 garbage-first heap   total 444416K, used 134973K [0x0000000704400000, 0x0000000800000000)
  region size 2048K, 9 young (18432K), 9 survivors (18432K)
 Metaspace       used 109130K, committed 110016K, reserved 1179648K
  class space    used 12274K, committed 12672K, reserved 1048576K
}
Event: 30.783 GC heap before
{Heap before GC invocations=34 (full 0):
 garbage-first heap   total 444416K, used 137021K [0x0000000704400000, 0x0000000800000000)
  region size 2048K, 10 young (20480K), 9 survivors (18432K)
 Metaspace       used 109141K, committed 110080K, reserved 1179648K
  class space    used 12274K, committed 12672K, reserved 1048576K
}
Event: 30.791 GC heap after
{Heap after GC invocations=35 (full 0):
 garbage-first heap   total 444416K, used 135788K [0x0000000704400000, 0x0000000800000000)
  region size 2048K, 2 young (4096K), 2 survivors (4096K)
 Metaspace       used 109141K, committed 110080K, reserved 1179648K
  class space    used 12274K, committed 12672K, reserved 1048576K
}
Event: 32.759 GC heap before
{Heap before GC invocations=35 (full 0):
 garbage-first heap   total 444416K, used 330348K [0x0000000704400000, 0x0000000800000000)
  region size 2048K, 97 young (198656K), 2 survivors (4096K)
 Metaspace       used 111401K, committed 112384K, reserved 1179648K
  class space    used 12486K, committed 12928K, reserved 1048576K
}
Event: 32.765 GC heap after
{Heap after GC invocations=36 (full 0):
 garbage-first heap   total 444416K, used 142018K [0x0000000704400000, 0x0000000800000000)
  region size 2048K, 5 young (10240K), 5 survivors (10240K)
 Metaspace       used 111401K, committed 112384K, reserved 1179648K
  class space    used 12486K, committed 12928K, reserved 1048576K
}
Event: 35.034 GC heap before
{Heap before GC invocations=36 (full 0):
 garbage-first heap   total 444416K, used 340674K [0x0000000704400000, 0x0000000800000000)
  region size 2048K, 102 young (208896K), 5 survivors (10240K)
 Metaspace       used 120615K, committed 121664K, reserved 1179648K
  class space    used 13390K, committed 13888K, reserved 1048576K
}
Event: 35.043 GC heap after
{Heap after GC invocations=37 (full 0):
 garbage-first heap   total 444416K, used 151575K [0x0000000704400000, 0x0000000800000000)
  region size 2048K, 9 young (18432K), 9 survivors (18432K)
 Metaspace       used 120615K, committed 121664K, reserved 1179648K
  class space    used 13390K, committed 13888K, reserved 1048576K
}
Event: 38.477 GC heap before
{Heap before GC invocations=37 (full 0):
 garbage-first heap   total 444416K, used 348183K [0x0000000704400000, 0x0000000800000000)
  region size 2048K, 105 young (215040K), 9 survivors (18432K)
 Metaspace       used 130057K, committed 131136K, reserved 1179648K
  class space    used 14712K, committed 15232K, reserved 1048576K
}
Event: 38.486 GC heap after
{Heap after GC invocations=38 (full 0):
 garbage-first heap   total 444416K, used 157926K [0x0000000704400000, 0x0000000800000000)
  region size 2048K, 8 young (16384K), 8 survivors (16384K)
 Metaspace       used 130057K, committed 131136K, reserved 1179648K
  class space    used 14712K, committed 15232K, reserved 1048576K
}
Event: 38.883 GC heap before
{Heap before GC invocations=39 (full 0):
 garbage-first heap   total 444416K, used 403686K [0x0000000704400000, 0x0000000800000000)
  region size 2048K, 81 young (165888K), 8 survivors (16384K)
 Metaspace       used 131449K, committed 132544K, reserved 1179648K
  class space    used 14883K, committed 15424K, reserved 1048576K
}
Event: 38.893 GC heap after
{Heap after GC invocations=40 (full 0):
 garbage-first heap   total 444416K, used 186954K [0x0000000704400000, 0x0000000800000000)
  region size 2048K, 6 young (12288K), 6 survivors (12288K)
 Metaspace       used 131449K, committed 132544K, reserved 1179648K
  class space    used 14883K, committed 15424K, reserved 1048576K
}
Event: 38.898 GC heap before
{Heap before GC invocations=40 (full 0):
 garbage-first heap   total 444416K, used 195146K [0x0000000704400000, 0x0000000800000000)
  region size 2048K, 10 young (20480K), 6 survivors (12288K)
 Metaspace       used 131449K, committed 132544K, reserved 1179648K
  class space    used 14883K, committed 15424K, reserved 1048576K
}
Event: 38.902 GC heap after
{Heap after GC invocations=41 (full 0):
 garbage-first heap   total 444416K, used 184191K [0x0000000704400000, 0x0000000800000000)
  region size 2048K, 1 young (2048K), 1 survivors (2048K)
 Metaspace       used 131449K, committed 132544K, reserved 1179648K
  class space    used 14883K, committed 15424K, reserved 1048576K
}
Event: 38.994 GC heap before
{Heap before GC invocations=41 (full 0):
 garbage-first heap   total 444416K, used 356223K [0x0000000704400000, 0x0000000800000000)
  region size 2048K, 85 young (174080K), 1 survivors (2048K)
 Metaspace       used 131449K, committed 132544K, reserved 1179648K
  class space    used 14883K, committed 15424K, reserved 1048576K
}
Event: 39.001 GC heap after
{Heap after GC invocations=42 (full 0):
 garbage-first heap   total 444416K, used 195119K [0x0000000704400000, 0x0000000800000000)
  region size 2048K, 7 young (14336K), 7 survivors (14336K)
 Metaspace       used 131449K, committed 132544K, reserved 1179648K
  class space    used 14883K, committed 15424K, reserved 1048576K
}
Event: 39.122 GC heap before
{Heap before GC invocations=42 (full 0):
 garbage-first heap   total 444416K, used 356911K [0x0000000704400000, 0x0000000800000000)
  region size 2048K, 86 young (176128K), 7 survivors (14336K)
 Metaspace       used 131449K, committed 132544K, reserved 1179648K
  class space    used 14883K, committed 15424K, reserved 1048576K
}

Dll operation events (14 events):
Event: 0.004 Loaded shared library C:\Users\NOONE\AppData\Local\Programs\Eclipse Adoptium\jdk-17.0.19.10-hotspot\bin\java.dll
Event: 0.015 Loaded shared library C:\Users\NOONE\AppData\Local\Programs\Eclipse Adoptium\jdk-17.0.19.10-hotspot\bin\jsvml.dll
Event: 0.035 Loaded shared library C:\Users\NOONE\AppData\Local\Programs\Eclipse Adoptium\jdk-17.0.19.10-hotspot\bin\net.dll
Event: 0.038 Loaded shared library C:\Users\NOONE\AppData\Local\Programs\Eclipse Adoptium\jdk-17.0.19.10-hotspot\bin\nio.dll
Event: 0.041 Loaded shared library C:\Users\NOONE\AppData\Local\Programs\Eclipse Adoptium\jdk-17.0.19.10-hotspot\bin\zip.dll
Event: 0.146 Loaded shared library C:\Program Files\Maven\apache-maven-3.9.14\lib\jansi-native\Windows\x86_64\jansi.dll
Event: 0.147 Loaded shared library C:\Users\NOONE\AppData\Local\Programs\Eclipse Adoptium\jdk-17.0.19.10-hotspot\bin\jimage.dll
Event: 0.154 Loaded shared library C:\Users\NOONE\AppData\Local\Programs\Eclipse Adoptium\jdk-17.0.19.10-hotspot\bin\verify.dll
Event: 16.185 Loaded shared library C:\Users\NOONE\AppData\Local\Programs\Eclipse Adoptium\jdk-17.0.19.10-hotspot\bin\sunmscapi.dll
Event: 16.267 Loaded shared library C:\Users\NOONE\AppData\Local\Programs\Eclipse Adoptium\jdk-17.0.19.10-hotspot\bin\extnet.dll
Event: 24.933 Loaded shared library C:\Users\NOONE\.tree-sitter\lib\x86_64-windows-tree-sitter.dll
Event: 24.947 Loaded shared library C:\Users\NOONE\.tree-sitter\lib\x86_64-windows-tree-sitter-bash.dll
Event: 35.199 Loaded shared library C:\Users\NOONE\AppData\Local\Programs\Eclipse Adoptium\jdk-17.0.19.10-hotspot\bin\management.dll
Event: 35.202 Loaded shared library C:\Users\NOONE\AppData\Local\Programs\Eclipse Adoptium\jdk-17.0.19.10-hotspot\bin\management_ext.dll

Deoptimization events (20 events):
Event: 38.773 Thread 0x000002589b6ff5b0 DEOPT PACKING pc=0x00000258a6445a27 sp=0x00000059a4efb830
Event: 38.773 Thread 0x000002589b6ff5b0 DEOPT UNPACKING pc=0x00000258aa72ace3 sp=0x00000059a4efacc8 mode 0
Event: 38.773 Thread 0x000002589b6ff5b0 DEOPT PACKING pc=0x00000258a6445a27 sp=0x00000059a4efb830
Event: 38.773 Thread 0x000002589b6ff5b0 DEOPT UNPACKING pc=0x00000258aa72ace3 sp=0x00000059a4efacc8 mode 0
Event: 38.773 Thread 0x000002589b6ff5b0 DEOPT PACKING pc=0x00000258a6445a27 sp=0x00000059a4efb830
Event: 38.773 Thread 0x000002589b6ff5b0 DEOPT UNPACKING pc=0x00000258aa72ace3 sp=0x00000059a4efacc8 mode 0
Event: 38.774 Thread 0x000002589b6ff5b0 DEOPT PACKING pc=0x00000258a6445a27 sp=0x00000059a4efb830
Event: 38.774 Thread 0x000002589b6ff5b0 DEOPT UNPACKING pc=0x00000258aa72ace3 sp=0x00000059a4efacc8 mode 0
Event: 38.774 Thread 0x000002589b6ff5b0 DEOPT PACKING pc=0x00000258a6445a27 sp=0x00000059a4efb830
Event: 38.774 Thread 0x000002589b6ff5b0 DEOPT UNPACKING pc=0x00000258aa72ace3 sp=0x00000059a4efacc8 mode 0
Event: 38.774 Thread 0x000002589b6ff5b0 DEOPT PACKING pc=0x00000258a6445a27 sp=0x00000059a4efb830
Event: 38.774 Thread 0x000002589b6ff5b0 DEOPT UNPACKING pc=0x00000258aa72ace3 sp=0x00000059a4efacc8 mode 0
Event: 38.774 Thread 0x000002589b6ff5b0 DEOPT PACKING pc=0x00000258a6445a27 sp=0x00000059a4efb830
Event: 38.774 Thread 0x000002589b6ff5b0 DEOPT UNPACKING pc=0x00000258aa72ace3 sp=0x00000059a4efacc8 mode 0
Event: 38.774 Thread 0x000002589b6ff5b0 DEOPT PACKING pc=0x00000258a6445a27 sp=0x00000059a4efb830
Event: 38.774 Thread 0x000002589b6ff5b0 DEOPT UNPACKING pc=0x00000258aa72ace3 sp=0x00000059a4efacc8 mode 0
Event: 38.824 Thread 0x000002589b6ff5b0 Uncommon trap: trap_request=0xffffff45 fr.pc=0x00000258abd043cc relative=0x000000000000058c
Event: 38.824 Thread 0x000002589b6ff5b0 Uncommon trap: reason=unstable_if action=reinterpret pc=0x00000258abd043cc method=com.google.B.D.D.E()I @ 547 c2
Event: 38.824 Thread 0x000002589b6ff5b0 DEOPT PACKING pc=0x00000258abd043cc sp=0x00000059a4efb840
Event: 38.824 Thread 0x000002589b6ff5b0 DEOPT UNPACKING pc=0x00000258aa72a1a3 sp=0x00000059a4efb7d0 mode 2

Classes loaded (20 events):
Event: 38.593 Loading class javax/crypto/SecretKeyFactory
Event: 38.593 Loading class javax/crypto/SecretKeyFactory done
Event: 38.593 Loading class com/sun/crypto/provider/PBKDF2Core$HmacSHA256
Event: 38.594 Loading class com/sun/crypto/provider/PBKDF2Core
Event: 38.594 Loading class javax/crypto/SecretKeyFactorySpi
Event: 38.594 Loading class javax/crypto/SecretKeyFactorySpi done
Event: 38.594 Loading class com/sun/crypto/provider/PBKDF2Core done
Event: 38.594 Loading class com/sun/crypto/provider/PBKDF2Core$HmacSHA256 done
Event: 38.594 Loading class javax/crypto/spec/PBEKeySpec
Event: 38.595 Loading class javax/crypto/spec/PBEKeySpec done
Event: 38.595 Loading class com/sun/crypto/provider/PBKDF2KeyImpl
Event: 38.595 Loading class javax/crypto/interfaces/PBEKey
Event: 38.595 Loading class javax/crypto/interfaces/PBEKey done
Event: 38.595 Loading class com/sun/crypto/provider/PBKDF2KeyImpl done
Event: 38.595 Loading class com/sun/crypto/provider/PBKDF2KeyImpl$1
Event: 38.596 Loading class com/sun/crypto/provider/PBKDF2KeyImpl$1 done
Event: 38.677 Loading class jdk/internal/reflect/UnsafeQualifiedBooleanFieldAccessorImpl
Event: 38.677 Loading class jdk/internal/reflect/UnsafeQualifiedBooleanFieldAccessorImpl done
Event: 38.682 Loading class jdk/internal/reflect/UnsafeQualifiedIntegerFieldAccessorImpl
Event: 38.682 Loading class jdk/internal/reflect/UnsafeQualifiedIntegerFieldAccessorImpl done

Classes unloaded (0 events):
No events

Classes redefined (0 events):
No events

Internal exceptions (20 events):
Event: 34.019 Thread 0x000002589b6ff5b0 Exception <a 'sun/nio/fs/WindowsException'{0x000000071df89f00}> (0x000000071df89f00) 
thrown [s\src\hotspot\share\prims\jni.cpp, line 516]
Event: 34.048 Thread 0x000002589b6ff5b0 Exception <a 'java/lang/NoSuchMethodError'{0x000000071dffe980}: 'java.lang.Object java.lang.invoke.DirectMethodHandle$Holder.invokeVirtual(java.lang.Object, java.lang.Object, int)'> (0x000000071dffe980) 
thrown [s\src\hotspot\share\interpreter\linkResolver.cpp, line 759]
Event: 34.347 Thread 0x000002589b6ff5b0 Implicit null exception at 0x00000258ab2ccc3b to 0x00000258ab2cce88
Event: 34.482 Thread 0x000002589b6ff5b0 Exception <a 'java/lang/NoSuchMethodError'{0x000000071b6a81a0}: 'java.lang.Object java.lang.invoke.DirectMethodHandle$Holder.invokeSpecial(java.lang.Object, java.lang.Object, java.lang.Object, java.lang.Object, java.lang.Object, java.lang.Object, java.lang.Object, java.lang.Object, java.lang.Object, java.lang.Object, java.lang.Object)'> (0x000000071b6a81a0) 
thrown [s\src\hotspot\share\interpreter\linkResolver.cpp, line 759]
Event: 34.482 Thread 0x000002589b6ff5b0 Exception <a 'java/lang/NoSuchMethodError'{0x000000071b6ace78}: 'java.lang.Object java.lang.invoke.Invokers$Holder.invoke_MT(java.lang.Object, java.lang.Object, java.lang.Object, java.lang.Object, java.lang.Object, java.lang.Object, java.lang.Object, java.lang.Object, java.lang.Object, java.lang.Object, java.lang.Object)'> (0x000000071b6ace78) 
thrown [s\src\hotspot\share\interpreter\linkResolver.cpp, line 759]
Event: 34.485 Thread 0x000002589b6ff5b0 Exception <a 'java/lang/NoSuchMethodError'{0x000000071b6efe70}: 'java.lang.Object java.lang.invoke.DirectMethodHandle$Holder.invokeSpecial(java.lang.Object, java.lang.Object, java.lang.Object, java.lang.Object, java.lang.Object, java.lang.Object, java.lang.Object, java.lang.Object, java.lang.Object, java.lang.Object, java.lang.Object, java.lang.Object)'> (0x000000071b6efe70) 
thrown [s\src\hotspot\share\interpreter\linkResolver.cpp, line 759]
Event: 34.485 Thread 0x000002589b6ff5b0 Exception <a 'java/lang/NoSuchMethodError'{0x000000071b6f4d28}: 'java.lang.Object java.lang.invoke.Invokers$Holder.invoker(java.lang.Object, java.lang.Object, java.lang.Object, java.lang.Object, java.lang.Object, java.lang.Object, java.lang.Object, java.lang.Object, java.lang.Object, java.lang.Object, java.lang.Object, java.lang.Object)'> (0x000000071b6f4d28) 
thrown [s\src\hotspot\share\interpreter\linkResolver.cpp, line 759]
Event: 34.486 Thread 0x000002589b6ff5b0 Exception <a 'java/lang/NoSuchMethodError'{0x000000071b6fac08}: 'java.lang.Object java.lang.invoke.DirectMethodHandle$Holder.invokeSpecial(java.lang.Object, java.lang.Object, java.lang.Object, java.lang.Object, java.lang.Object, java.lang.Object, java.lang.Object, java.lang.Object, java.lang.Object, java.lang.Object, java.lang.Object, java.lang.Object, java.lang.Object)'> (0x000000071b6fac08) 
thrown [s\src\hotspot\share\interpreter\linkResolver.cpp, line 759]
Event: 34.490 Thread 0x000002589b6ff5b0 Exception <a 'java/lang/NoSuchMethodError'{0x000000071b729558}: 'java.lang.Object java.lang.invoke.DirectMethodHandle$Holder.invokeSpecial(java.lang.Object, java.lang.Object, java.lang.Object, java.lang.Object, java.lang.Object, java.lang.Object, java.lang.Object, java.lang.Object, java.lang.Object, java.lang.Object)'> (0x000000071b729558) 
thrown [s\src\hotspot\share\interpreter\linkResolver.cpp, line 759]
Event: 34.490 Thread 0x000002589b6ff5b0 Exception <a 'java/lang/NoSuchMethodError'{0x000000071b72dcc0}: 'java.lang.Object java.lang.invoke.Invokers$Holder.invoke_MT(java.lang.Object, java.lang.Object, java.lang.Object, java.lang.Object, java.lang.Object, java.lang.Object, java.lang.Object, java.lang.Object, java.lang.Object, java.lang.Object)'> (0x000000071b72dcc0) 
thrown [s\src\hotspot\share\interpreter\linkResolver.cpp, line 759]
Event: 34.493 Thread 0x000002589b6ff5b0 Exception <a 'java/lang/NoSuchMethodError'{0x000000071b7773a0}: 'java.lang.Object java.lang.invoke.Invokers$Holder.invoker(java.lang.Object, java.lang.Object, java.lang.Object, java.lang.Object, java.lang.Object, java.lang.Object, java.lang.Object, java.lang.Object, java.lang.Object, java.lang.Object, java.lang.Object, java.lang.Object, java.lang.Object)'> (0x000000071b7773a0) 
thrown [s\src\hotspot\share\interpreter\linkResolver.cpp, line 759]
Event: 34.494 Thread 0x000002589b6ff5b0 Exception <a 'java/lang/NoSuchMethodError'{0x000000071b77d458}: 'java.lang.Object java.lang.invoke.DirectMethodHandle$Holder.invokeSpecial(java.lang.Object, java.lang.Object, java.lang.Object, java.lang.Object, java.lang.Object, java.lang.Object, java.lang.Object, java.lang.Object, java.lang.Object, java.lang.Object, java.lang.Object, java.lang.Object, java.lang.Object, java.lang.Object)'> (0x000000071b77d458) 
thrown [s\src\hotspot\share\interpreter\linkResolver.cpp, line 759]
Event: 34.570 Thread 0x000002589b6ff5b0 Exception <a 'java/lang/NoSuchMethodError'{0x000000071b1a1218}: 'int java.lang.invoke.DelegatingMethodHandle$Holder.reinvoke_L(java.lang.Object, long)'> (0x000000071b1a1218) 
thrown [s\src\hotspot\share\interpreter\linkResolver.cpp, line 759]
Event: 34.635 Thread 0x000002589b6ff5b0 Exception <a 'java/lang/NoSuchMethodError'{0x000000071aae5bc8}: 'int java.lang.invoke.DelegatingMethodHandle$Holder.reinvoke_L(java.lang.Object, long, long)'> (0x000000071aae5bc8) 
thrown [s\src\hotspot\share\interpreter\linkResolver.cpp, line 759]
Event: 35.195 Thread 0x000002589b6ff5b0 Exception <a 'sun/nio/fs/WindowsException'{0x000000071a8eb198}> (0x000000071a8eb198) 
thrown [s\src\hotspot\share\prims\jni.cpp, line 516]
Event: 35.196 Thread 0x000002589b6ff5b0 Exception <a 'sun/nio/fs/WindowsException'{0x000000071a8f26b0}> (0x000000071a8f26b0) 
thrown [s\src\hotspot\share\prims\jni.cpp, line 516]
Event: 36.048 Thread 0x000002589b6ff5b0 Exception <a 'java/lang/IncompatibleClassChangeError'{0x00000007177aed38}: Found class java.lang.Object, but interface was expected> (0x00000007177aed38) 
thrown [s\src\hotspot\share\interpreter\linkResolver.cpp, line 826]
Event: 36.179 Thread 0x000002590a88a100 Exception <a 'java/lang/InterruptedException'{0x0000000717400720}: sleep interrupted> (0x0000000717400720) 
thrown [s\src\hotspot\share\prims\jvm.cpp, line 3064]
Event: 38.667 Thread 0x000002589b6ff5b0 Exception <a 'java/lang/NoSuchMethodError'{0x000000071d3fa1e0}: 'java.lang.Object java.lang.invoke.DirectMethodHandle$Holder.newInvokeSpecial(java.lang.Object, java.lang.Object, java.lang.Object, java.lang.Object, java.lang.Object, java.lang.Object, java.lang.Object, java.lang.Object)'> (0x000000071d3fa1e0) 
thrown [s\src\hotspot\share\interpreter\linkResolver.cpp, line 759]
Event: 38.667 Thread 0x000002589b6ff5b0 Exception <a 'java/lang/NoSuchMethodError'{0x000000071d3feaa0}: 'java.lang.Object java.lang.invoke.Invokers$Holder.linkToTargetMethod(java.lang.Object, java.lang.Object, java.lang.Object, java.lang.Object, java.lang.Object, java.lang.Object, java.lang.Object, java.lang.Object)'> (0x000000071d3feaa0) 
thrown [s\src\hotspot\share\interpreter\linkResolver.cpp, line 759]

VM Operations (20 events):
Event: 36.763 Executing VM operation: ICBufferFull done
Event: 38.477 Executing VM operation: G1CollectForAllocation
Event: 38.486 Executing VM operation: G1CollectForAllocation done
Event: 38.503 Executing VM operation: HandshakeAllThreads
Event: 38.503 Executing VM operation: HandshakeAllThreads done
Event: 38.533 Executing VM operation: G1PauseRemark
Event: 38.544 Executing VM operation: G1PauseRemark done
Event: 38.544 Executing VM operation: HandshakeAllThreads
Event: 38.544 Executing VM operation: HandshakeAllThreads done
Event: 38.565 Executing VM operation: G1PauseCleanup
Event: 38.566 Executing VM operation: G1PauseCleanup done
Event: 38.883 Executing VM operation: G1CollectForAllocation
Event: 38.893 Executing VM operation: G1CollectForAllocation done
Event: 38.898 Executing VM operation: G1CollectForAllocation
Event: 38.902 Executing VM operation: G1CollectForAllocation done
Event: 38.957 Executing VM operation: HandshakeAllThreads
Event: 38.957 Executing VM operation: HandshakeAllThreads done
Event: 38.994 Executing VM operation: G1CollectForAllocation
Event: 39.001 Executing VM operation: G1CollectForAllocation done
Event: 39.121 Executing VM operation: G1CollectForAllocation

Memory protections (0 events):
No events

Nmethod flushes (20 events):
Event: 35.648 Thread 0x00000258be474bc0 flushing  nmethod 0x00000258a61ca510
Event: 35.648 Thread 0x00000258be474bc0 flushing  nmethod 0x00000258a61cba90
Event: 35.648 Thread 0x00000258be474bc0 flushing  nmethod 0x00000258a61ce310
Event: 35.648 Thread 0x00000258be474bc0 flushing  nmethod 0x00000258a61d1090
Event: 35.648 Thread 0x00000258be474bc0 flushing  nmethod 0x00000258a61df710
Event: 35.648 Thread 0x00000258be474bc0 flushing  nmethod 0x00000258a61dfe90
Event: 35.648 Thread 0x00000258be474bc0 flushing  nmethod 0x00000258a61e6410
Event: 35.648 Thread 0x00000258be474bc0 flushing  nmethod 0x00000258a6204e90
Event: 35.648 Thread 0x00000258be474bc0 flushing  nmethod 0x00000258a6205210
Event: 35.648 Thread 0x00000258be474bc0 flushing  nmethod 0x00000258a620bd10
Event: 35.648 Thread 0x00000258be474bc0 flushing  nmethod 0x00000258a6227190
Event: 35.648 Thread 0x00000258be474bc0 flushing  nmethod 0x00000258a623f190
Event: 35.648 Thread 0x00000258be474bc0 flushing  nmethod 0x00000258a6270610
Event: 35.648 Thread 0x00000258be474bc0 flushing  nmethod 0x00000258a627e190
Event: 35.648 Thread 0x00000258be474bc0 flushing  nmethod 0x00000258a62bb690
Event: 35.649 Thread 0x00000258be474bc0 flushing  nmethod 0x00000258a630c890
Event: 38.976 Thread 0x00000258be474bc0 flushing  nmethod 0x00000258a4479410
Event: 38.976 Thread 0x00000258be474bc0 flushing  nmethod 0x00000258a44dca10
Event: 38.976 Thread 0x00000258be474bc0 flushing  nmethod 0x00000258a44f3b90
Event: 38.993 Thread 0x00000258be474bc0 flushing  nmethod 0x00000258a5f41c10

Events (20 events):
Event: 36.189 Thread 0x0000025909fa6d20 Thread exited: 0x0000025909fa6d20
Event: 36.189 Thread 0x000002590a8882a0 Thread exited: 0x000002590a8882a0
Event: 36.189 Thread 0x0000025909fa95a0 Thread exited: 0x0000025909fa95a0
Event: 36.189 Thread 0x0000025909fa9090 Thread exited: 0x0000025909fa9090
Event: 36.189 Thread 0x0000025909fa58e0 Thread exited: 0x0000025909fa58e0
Event: 36.189 Thread 0x0000025909fa9ab0 Thread exited: 0x0000025909fa9ab0
Event: 36.189 Thread 0x0000025909fa7230 Thread exited: 0x0000025909fa7230
Event: 36.189 Thread 0x0000025909fa7740 Thread exited: 0x0000025909fa7740
Event: 36.189 Thread 0x0000025909fa49b0 Thread exited: 0x0000025909fa49b0
Event: 36.189 Thread 0x0000025909faa4d0 Thread exited: 0x0000025909faa4d0
Event: 36.189 Thread 0x0000025909fa3060 Thread exited: 0x0000025909fa3060
Event: 36.189 Thread 0x0000025909fa9fc0 Thread exited: 0x0000025909fa9fc0
Event: 36.604 Thread 0x000002591bde8d20 Thread exited: 0x000002591bde8d20
Event: 36.604 Thread 0x000002591bde97c0 Thread exited: 0x000002591bde97c0
Event: 36.757 Thread 0x0000025907b8d460 Thread exited: 0x0000025907b8d460
Event: 37.173 Thread 0x000002590b96cca0 Thread exited: 0x000002590b96cca0
Event: 38.490 Thread 0x00000259057a1440 Thread added: 0x000002590d5c5890
Event: 38.548 Thread 0x00000258be468990 Thread added: 0x0000025908733c60
Event: 38.553 Thread 0x00000258be468990 Thread added: 0x00000259087341b0
Event: 38.651 Thread 0x00000258be468990 Thread added: 0x00000259087351a0


Dynamic libraries:
0x00007ff6a11c0000 - 0x00007ff6a11ce000 	C:\Users\NOONE\AppData\Local\Programs\Eclipse Adoptium\jdk-17.0.19.10-hotspot\bin\java.exe
0x00007ffee9680000 - 0x00007ffee98e7000 	C:\WINDOWS\SYSTEM32\ntdll.dll
0x00007ffee8310000 - 0x00007ffee83d9000 	C:\WINDOWS\System32\KERNEL32.DLL
0x00007ffee6f70000 - 0x00007ffee7367000 	C:\WINDOWS\System32\KERNELBASE.dll
0x00007ffee6350000 - 0x00007ffee649b000 	C:\WINDOWS\System32\ucrtbase.dll
0x00007ffed7880000 - 0x00007ffed7898000 	C:\Users\NOONE\AppData\Local\Programs\Eclipse Adoptium\jdk-17.0.19.10-hotspot\bin\jli.dll
0x00007ffeccf70000 - 0x00007ffeccf8e000 	C:\Users\NOONE\AppData\Local\Programs\Eclipse Adoptium\jdk-17.0.19.10-hotspot\bin\VCRUNTIME140.dll
0x00007ffee8f30000 - 0x00007ffee90f6000 	C:\WINDOWS\System32\USER32.dll
0x00007ffed42b0000 - 0x00007ffed4542000 	C:\WINDOWS\WinSxS\amd64_microsoft.windows.common-controls_6595b64144ccf1df_6.0.26100.8457_none_3e0b2faee331e92d\COMCTL32.dll
0x00007ffee6f40000 - 0x00007ffee6f67000 	C:\WINDOWS\System32\win32u.dll
0x00007ffee8670000 - 0x00007ffee8719000 	C:\WINDOWS\System32\msvcrt.dll
0x00007ffee7bd0000 - 0x00007ffee7bfb000 	C:\WINDOWS\System32\GDI32.dll
0x00007ffee60b0000 - 0x00007ffee61dc000 	C:\WINDOWS\System32\gdi32full.dll
0x00007ffee6e90000 - 0x00007ffee6f33000 	C:\WINDOWS\System32\msvcp_win.dll
0x00007ffee82d0000 - 0x00007ffee8302000 	C:\WINDOWS\System32\IMM32.DLL
0x00007ffee0300000 - 0x00007ffee030c000 	C:\Users\NOONE\AppData\Local\Programs\Eclipse Adoptium\jdk-17.0.19.10-hotspot\bin\vcruntime140_1.dll
0x00007ffecaa90000 - 0x00007ffecab1d000 	C:\Users\NOONE\AppData\Local\Programs\Eclipse Adoptium\jdk-17.0.19.10-hotspot\bin\msvcp140.dll
0x00007ffde3490000 - 0x00007ffde40fc000 	C:\Users\NOONE\AppData\Local\Programs\Eclipse Adoptium\jdk-17.0.19.10-hotspot\bin\server\jvm.dll
0x00007ffee9580000 - 0x00007ffee9636000 	C:\WINDOWS\System32\ADVAPI32.dll
0x00007ffee9100000 - 0x00007ffee91a7000 	C:\WINDOWS\System32\sechost.dll
0x00007ffee84a0000 - 0x00007ffee85b8000 	C:\WINDOWS\System32\RPCRT4.dll
0x00007ffee85c0000 - 0x00007ffee8640000 	C:\WINDOWS\System32\WS2_32.dll
0x00007ffee4c70000 - 0x00007ffee4cce000 	C:\WINDOWS\SYSTEM32\POWRPROF.dll
0x00007ffeda1d0000 - 0x00007ffeda206000 	C:\WINDOWS\SYSTEM32\WINMM.dll
0x00007ffede1e0000 - 0x00007ffede1eb000 	C:\WINDOWS\SYSTEM32\VERSION.dll
0x00007ffee4c50000 - 0x00007ffee4c64000 	C:\WINDOWS\SYSTEM32\UMPDC.dll
0x00007ffee4f20000 - 0x00007ffee4f3b000 	C:\WINDOWS\SYSTEM32\kernel.appcore.dll
0x00007ffede190000 - 0x00007ffede19a000 	C:\Users\NOONE\AppData\Local\Programs\Eclipse Adoptium\jdk-17.0.19.10-hotspot\bin\jimage.dll
0x00007ffee4120000 - 0x00007ffee4362000 	C:\WINDOWS\SYSTEM32\DBGHELP.DLL
0x00007ffee89a0000 - 0x00007ffee8d23000 	C:\WINDOWS\System32\combase.dll
0x00007ffee88c0000 - 0x00007ffee8999000 	C:\WINDOWS\System32\OLEAUT32.dll
0x00007ffed4ea0000 - 0x00007ffed4edb000 	C:\WINDOWS\SYSTEM32\dbgcore.DLL
0x00007ffee61e0000 - 0x00007ffee6288000 	C:\WINDOWS\System32\bcryptPrimitives.dll
0x00007ffeccc80000 - 0x00007ffeccca5000 	C:\Users\NOONE\AppData\Local\Programs\Eclipse Adoptium\jdk-17.0.19.10-hotspot\bin\java.dll
0x00007ffe6d7d0000 - 0x00007ffe6d8a7000 	C:\Users\NOONE\AppData\Local\Programs\Eclipse Adoptium\jdk-17.0.19.10-hotspot\bin\jsvml.dll
0x00007ffee7450000 - 0x00007ffee7bbe000 	C:\WINDOWS\System32\SHELL32.dll
0x00007ffee64a0000 - 0x00007ffee6d0c000 	C:\WINDOWS\System32\windows.storage.dll
0x00007ffee8e20000 - 0x00007ffee8f16000 	C:\WINDOWS\System32\SHCORE.dll
0x00007ffee7c00000 - 0x00007ffee7c66000 	C:\WINDOWS\System32\shlwapi.dll
0x00007ffee5fd0000 - 0x00007ffee5ff9000 	C:\WINDOWS\SYSTEM32\profapi.dll
0x00007ffeccc60000 - 0x00007ffeccc7a000 	C:\Users\NOONE\AppData\Local\Programs\Eclipse Adoptium\jdk-17.0.19.10-hotspot\bin\net.dll
0x00007ffedd190000 - 0x00007ffedd2b9000 	C:\WINDOWS\SYSTEM32\WINHTTP.dll
0x00007ffee5470000 - 0x00007ffee54dc000 	C:\WINDOWS\system32\mswsock.dll
0x00007ffecaa70000 - 0x00007ffecaa86000 	C:\Users\NOONE\AppData\Local\Programs\Eclipse Adoptium\jdk-17.0.19.10-hotspot\bin\nio.dll
0x00007ffecaa50000 - 0x00007ffecaa68000 	C:\Users\NOONE\AppData\Local\Programs\Eclipse Adoptium\jdk-17.0.19.10-hotspot\bin\zip.dll
0x00007ffec1550000 - 0x00007ffec1574000 	C:\Program Files\Maven\apache-maven-3.9.14\lib\jansi-native\Windows\x86_64\jansi.dll
0x00007ffedaf30000 - 0x00007ffedaf40000 	C:\Users\NOONE\AppData\Local\Programs\Eclipse Adoptium\jdk-17.0.19.10-hotspot\bin\verify.dll
0x00007ffee5040000 - 0x00007ffee5076000 	C:\WINDOWS\SYSTEM32\ntmarta.dll
0x00007ffee5870000 - 0x00007ffee588b000 	C:\WINDOWS\SYSTEM32\CRYPTSP.dll
0x00007ffee4e80000 - 0x00007ffee4eb9000 	C:\WINDOWS\system32\rsaenh.dll
0x00007ffee5520000 - 0x00007ffee5553000 	C:\WINDOWS\SYSTEM32\USERENV.dll
0x00007ffee5fa0000 - 0x00007ffee5fca000 	C:\WINDOWS\SYSTEM32\bcrypt.dll
0x00007ffee56d0000 - 0x00007ffee56dc000 	C:\WINDOWS\SYSTEM32\CRYPTBASE.dll
0x00007ffee4880000 - 0x00007ffee48b2000 	C:\WINDOWS\SYSTEM32\IPHLPAPI.DLL
0x00007ffee8d30000 - 0x00007ffee8d3a000 	C:\WINDOWS\System32\NSI.dll
0x00007ffedd0e0000 - 0x00007ffedd0fd000 	C:\WINDOWS\SYSTEM32\dhcpcsvc6.DLL
0x00007ffedd080000 - 0x00007ffedd0a5000 	C:\WINDOWS\SYSTEM32\dhcpcsvc.DLL
0x00007ffee48c0000 - 0x00007ffee49f2000 	C:\WINDOWS\SYSTEM32\DNSAPI.dll
0x00007ffedaec0000 - 0x00007ffedaece000 	C:\Users\NOONE\AppData\Local\Programs\Eclipse Adoptium\jdk-17.0.19.10-hotspot\bin\sunmscapi.dll
0x00007ffee6d10000 - 0x00007ffee6e88000 	C:\WINDOWS\System32\CRYPT32.dll
0x00007ffee59d0000 - 0x00007ffee5a00000 	C:\WINDOWS\SYSTEM32\ncrypt.dll
0x00007ffee5980000 - 0x00007ffee59bf000 	C:\WINDOWS\SYSTEM32\NTASN1.dll
0x00007ffedbef0000 - 0x00007ffedbefb000 	C:\Windows\System32\rasadhlp.dll
0x00007ffedc570000 - 0x00007ffedc5f6000 	C:\WINDOWS\System32\fwpuclnt.dll
0x00007ffed1430000 - 0x00007ffed1439000 	C:\Users\NOONE\AppData\Local\Programs\Eclipse Adoptium\jdk-17.0.19.10-hotspot\bin\extnet.dll
0x00007ffee58d0000 - 0x00007ffee58e3000 	C:\WINDOWS\SYSTEM32\MSASN1.dll
0x00007ffee54e0000 - 0x00007ffee550f000 	C:\WINDOWS\SYSTEM32\gpapi.dll
0x00007ffec60c0000 - 0x00007ffec614b000 	C:\WINDOWS\system32\ncryptprov.dll
0x00007ffeaf970000 - 0x00007ffeafa85000 	C:\WINDOWS\system32\PCPKsp.dll
0x00007ffed6a50000 - 0x00007ffed6a6a000 	C:\WINDOWS\SYSTEM32\tbs.dll
0x00007ffee5dc0000 - 0x00007ffee5dca000 	C:\WINDOWS\SYSTEM32\DPAPI.dll
0x00007ffedc840000 - 0x00007ffedc87b000 	C:\WINDOWS\SYSTEM32\cryptnet.dll
0x00007ffee3650000 - 0x00007ffee365e000 	C:\WINDOWS\SYSTEM32\WINNSI.DLL
0x00007ffed79f0000 - 0x00007ffed7a60000 	C:\Users\NOONE\.tree-sitter\lib\x86_64-windows-tree-sitter.dll
0x00007ffecaeb0000 - 0x00007ffecb02b000 	C:\Users\NOONE\.tree-sitter\lib\x86_64-windows-tree-sitter-bash.dll
0x00007ffed7b60000 - 0x00007ffed7b6a000 	C:\Users\NOONE\AppData\Local\Programs\Eclipse Adoptium\jdk-17.0.19.10-hotspot\bin\management.dll
0x00007ffed7870000 - 0x00007ffed787c000 	C:\Users\NOONE\AppData\Local\Programs\Eclipse Adoptium\jdk-17.0.19.10-hotspot\bin\management_ext.dll
0x00007ffee9310000 - 0x00007ffee9318000 	C:\WINDOWS\System32\PSAPI.DLL

dbghelp: loaded successfully - version: 4.0.5 - missing functions: none
symbol engine: initialized successfully - sym options: 0x614 - pdb path: .;C:\Users\NOONE\AppData\Local\Programs\Eclipse Adoptium\jdk-17.0.19.10-hotspot\bin;C:\WINDOWS\SYSTEM32;C:\WINDOWS\WinSxS\amd64_microsoft.windows.common-controls_6595b64144ccf1df_6.0.26100.8457_none_3e0b2faee331e92d;C:\Users\NOONE\AppData\Local\Programs\Eclipse Adoptium\jdk-17.0.19.10-hotspot\bin\server;C:\Program Files\Maven\apache-maven-3.9.14\lib\jansi-native\Windows\x86_64;C:\Users\NOONE\.tree-sitter\lib

VM Arguments:
jvm_args: --enable-native-access=ALL-UNNAMED -Dclassworlds.conf=C:\Program Files\Maven\apache-maven-3.9.14\bin\m2.conf -Dmaven.home=C:\Program Files\Maven\apache-maven-3.9.14 -Dlibrary.jansi.path=C:\Program Files\Maven\apache-maven-3.9.14\lib\jansi-native -Dmaven.multiModuleProjectDirectory=C:\Users\NOONE\CascadeProjects\urbanops\backend 
java_command: org.codehaus.plexus.classworlds.launcher.Launcher clean verify sonar:sonar -Dsonar.host.url=https://sonarcloud.io -Dsonar.organization=amine20030 -Dsonar.projectKey=Amine20030_urbanser -Dsonar.token=2b8ee8328d00d19747696de3a6b47a663ca68336
java_class_path (initial): C:\Program Files\Maven\apache-maven-3.9.14\boot\plexus-classworlds-2.9.0.jar
Launcher Type: SUN_STANDARD

[Global flags]
     intx CICompilerCount                          = 12                                        {product} {ergonomic}
     uint ConcGCThreads                            = 3                                         {product} {ergonomic}
     uint G1ConcRefinementThreads                  = 13                                        {product} {ergonomic}
   size_t G1HeapRegionSize                         = 2097152                                   {product} {ergonomic}
    uintx GCDrainStackTargetSize                   = 64                                        {product} {ergonomic}
   size_t InitialHeapSize                          = 264241152                                 {product} {ergonomic}
   size_t MarkStackSize                            = 4194304                                   {product} {ergonomic}
   size_t MaxHeapSize                              = 4223664128                                {product} {ergonomic}
   size_t MaxNewSize                               = 2533359616                                {product} {ergonomic}
   size_t MinHeapDeltaBytes                        = 2097152                                   {product} {ergonomic}
   size_t MinHeapSize                              = 8388608                                   {product} {ergonomic}
    uintx NonNMethodCodeHeapSize                   = 7602480                                {pd product} {ergonomic}
    uintx NonProfiledCodeHeapSize                  = 122027880                              {pd product} {ergonomic}
    uintx ProfiledCodeHeapSize                     = 122027880                              {pd product} {ergonomic}
    uintx ReservedCodeCacheSize                    = 251658240                              {pd product} {ergonomic}
     bool SegmentedCodeCache                       = true                                      {product} {ergonomic}
   size_t SoftMaxHeapSize                          = 4223664128                             {manageable} {ergonomic}
     bool UseCompressedClassPointers               = true                           {product lp64_product} {ergonomic}
     bool UseCompressedOops                        = true                           {product lp64_product} {ergonomic}
     bool UseG1GC                                  = true                                      {product} {ergonomic}
     bool UseLargePagesIndividualAllocation        = false                                  {pd product} {ergonomic}

Logging:
Log output configuration:
 #0: stdout all=warning uptime,level,tags
 #1: stderr all=off uptime,level,tags

Environment Variables:
JAVA_HOME=C:\Users\NOONE\AppData\Local\Programs\Eclipse Adoptium\jdk-17.0.19.10-hotspot\
PATH=C:\Users\NOONE\Downloads\WINDOWS.X64_193000_db_home\bin;C:\Program Files (x86)\VMware\VMware Workstation\bin\;C:\WINDOWS\system32;C:\WINDOWS;C:\WINDOWS\System32\Wbem;C:\WINDOWS\System32\WindowsPowerShell\v1.0\;C:\WINDOWS\System32\OpenSSH\;C:\Program Files\dotnet\;C:\Program Files (x86)\NVIDIA Corporation\PhysX\Common;C:\Program Files\NVIDIA Corporation\NVIDIA App\NvDLISR;C:\Program Files (x86)\Microsoft SQL Server\160\Tools\Binn\;C:\Program Files\Microsoft SQL Server\160\Tools\Binn\;C:\Program Files\Microsoft SQL Server\Client SDK\ODBC\170\Tools\Binn\;C:\Program Files\Microsoft SQL Server\160\DTS\Binn\;C:\Program Files\Git\cmd;C:\Program Files\nodejs\;C:\laragon\bin\php\php-8.3.26-Win32-vs16-x64;C:\ProgramData\ComposerSetup\bin;C:\Program Files\cursor\resources\app\bin;C:\Program Files\Microsoft SQL Server\170\Tools\Binn\;C:\Program Files\Git LFS;C:\Program Files\Docker\Docker\resources\bin;C:\Users\NOONE\AppData\Local\Programs\Python\Python311\Scripts\;C:\Users\NOONE\AppData\Local\Programs\Python\Python311\;C:\Users\NOONE\AppData\Local\Programs\Python\Python313\Scripts\;C:\Users\NOONE\AppData\Local\Programs\Python\Python313\;C:\Users\NOONE\AppData\Local\Programs\Python\Launcher\;C:\Users\NOONE\AppData\Local\Microsoft\WindowsApps;C:\Users\NOONE\Downloads\mongosh-2.5.9-win32-x64\mongosh-2.5.9-win32-x64\bin;C:\Users\NOONE\AppData\Local\Programs\Microsoft VS Code\bin;C:\Users\NOONE\AppData\Roaming\npm;C:\Users\NOONE\AppData\Roaming\Composer\vendor\bin;C:\Users\NOONE\.dotnet\tools;C:\Users\NOONE\AppData\Local\Programs\Antigravity\bin;C:\Program Files\Maven\apache-maven-3.9.14\bin;C:\Users\NOONE\AppData\Local\Programs\Eclipse Adoptium\jdk-17.0.19.10-hotspot\bin;C:\Program Files\Maven\apache-maven-3.9.14\bin;C:\Program Files\Common Files\Oracle\Java\javapath;C:\Program Files (x86)\Common Files\Oracle\Java\java8path;C:\Program Files (x86)\Common Files\Oracle\Java\javapath;C:\Users\NOONE\AppData\Local\Programs\Eclipse Adoptium\jdk-17.0.19.10-hotspot\bin;C:\Users\NOONE\AppData\Local\Programs\Python\Python311\Scripts\;C:\Users\NOONE\AppData\Local\Programs\Python\Python311\;C:\Users\NOONE\AppData\Local\Programs\Python\Python313\Scripts\;C:\Users\NOONE\AppData\Local\Programs\Python\Python313\;C:\Users\NOONE\AppData\Local\Programs\Python\Launcher\;C:\Users\NOONE\AppData\Local\Microsoft\WindowsApps;C:\Users\NOONE\Downloads\mongosh-2.5.9-win32-x64\mongosh-2.5.9-win32-x64\bin;C:\Users\NOONE\AppData\Local\Programs\Microsoft VS Code\bin;C:\Users\NOONE\AppData\Roaming\npm;C:\Users\NOONE\AppData\Roaming\Composer\vendor\bin;C:\Users\NOONE\.dotnet\tools;C:\Users\NOONE\AppData\Local\Programs\Antigravity\bin;C:\Program Files\JetBrains\IntelliJ IDEA 2025.3.3\bin;C:\Users\NOONE\AppData\Local\Programs\cursor\resources\app\bin;C:\Users\NOONE\AppData\Local\Programs\Windsurf\bin
USERNAME=NOONE
LANG=en_US.UTF-8
OS=Windows_NT
PROCESSOR_IDENTIFIER=Intel64 Family 6 Model 141 Stepping 1, GenuineIntel
TMP=C:\Users\NOONE\AppData\Local\Temp
TEMP=C:\Users\NOONE\AppData\Local\Temp



Periodic native trim disabled


---------------  S Y S T E M  ---------------

OS:
 Windows 11 , 64 bit Build 26100 (10.0.26100.8328)
OS uptime: 0 days 5:11 hours
Hyper-V role detected

CPU: total 16 (initial active 16) (8 cores per cpu, 2 threads per core) family 6 model 141 stepping 1 microcode 0x58, cx8, cmov, fxsr, ht, mmx, 3dnowpref, sse, sse2, sse3, ssse3, sse4.1, sse4.2, popcnt, lzcnt, tsc, tscinvbit, avx, avx2, aes, erms, clmul, bmi1, bmi2, adx, avx512f, avx512dq, avx512cd, avx512bw, avx512vl, sha, fma, vzeroupper, avx512_vpopcntdq, avx512_vpclmulqdq, avx512_vaes, avx512_vnni, clflush, clflushopt, clwb, avx512_vbmi2, avx512_vbmi, hv
Processor Information for all 16 processors :
  Max Mhz: 2304, Current Mhz: 2304, Mhz Limit: 2304

Memory: 4k page, system-wide physical 16110M (1339M free)
TotalPageFile size 32494M (AvailPageFile size 420M)
current process WorkingSet (physical memory assigned to process): 849M, peak: 859M
current process commit charge ("private bytes"): 989M, peak: 1572M

vm_info: OpenJDK 64-Bit Server VM (17.0.19+10) for windows-amd64 JRE (17.0.19+10), built on Apr 25 2026 08:04:44 by "admin" with MS VC++ 17.12 (VS2022)

END.
